ARM GAS  C:\Users\Mikael\AppData\Local\Temp\cc7sULrf.s 			page 1


   1              		.syntax unified
   2              		.cpu cortex-m3
   3              		.fpu softvfp
   4              		.eabi_attribute 20, 1
   5              		.eabi_attribute 21, 1
   6              		.eabi_attribute 23, 3
   7              		.eabi_attribute 24, 1
   8              		.eabi_attribute 25, 1
   9              		.eabi_attribute 26, 1
  10              		.eabi_attribute 30, 1
  11              		.eabi_attribute 34, 1
  12              		.eabi_attribute 18, 4
  13              		.thumb
  14              		.file	"main.c"
  15              		.text
  16              	.Ltext0:
  17              		.cfi_sections	.debug_frame
  18              		.global	__aeabi_i2d
  19              		.global	__aeabi_dmul
  20              		.global	__aeabi_d2iz
  21              		.section	.text.main,"ax",%progbits
  22              		.align	2
  23              		.global	main
  24              		.thumb
  25              		.thumb_func
  26              		.type	main, %function
  27              	main:
  28              	.LFB63:
  29              		.file 1 "main.c"
   1:main.c        **** 
   2:main.c        **** #include <project.h>
   3:main.c        **** #include <stdio.h>
   4:main.c        **** #include "Motor.h"
   5:main.c        **** #include "Ultra.h"
   6:main.c        **** #include "Nunchuk.h"
   7:main.c        **** #include "Reflectance.h"
   8:main.c        **** #include "I2C_made.h"
   9:main.c        **** #include "Gyro.h"
  10:main.c        **** #include "Accel_magnet.h"
  11:main.c        **** #include "IR.h"
  12:main.c        **** #include "Ambient.h"
  13:main.c        **** #include "Beep.h"
  14:main.c        **** #include "math.h"
  15:main.c        **** 
  16:main.c        **** 
  17:main.c        **** #define MAGICNUM 0.012624 /*
  18:main.c        **** MAGICNUM is calculated with a following logic:
  19:main.c        **** MAXSPEED /(infraMax 23999 -infraMin 3770)
  20:main.c        **** */
  21:main.c        **** 
  22:main.c        **** int rread(void);
  23:main.c        **** 
  24:main.c        **** int main()
  25:main.c        **** {
  30              		.loc 1 25 0
  31              		.cfi_startproc
  32              		@ args = 0, pretend = 0, frame = 16
ARM GAS  C:\Users\Mikael\AppData\Local\Temp\cc7sULrf.s 			page 2


  33              		@ frame_needed = 0, uses_anonymous_args = 0
  34 0000 2DE9F043 		push	{r4, r5, r6, r7, r8, r9, lr}
  35              		.cfi_def_cfa_offset 28
  36              		.cfi_offset 4, -28
  37              		.cfi_offset 5, -24
  38              		.cfi_offset 6, -20
  39              		.cfi_offset 7, -16
  40              		.cfi_offset 8, -12
  41              		.cfi_offset 9, -8
  42              		.cfi_offset 14, -4
  43 0004 85B0     		sub	sp, sp, #20
  44              		.cfi_def_cfa_offset 48
  26:main.c        **** 
  27:main.c        ****     
  28:main.c        **** //----[STARTING ESSENTIAL COMPONENTS. DO NOT ALTER THESE]----------
  29:main.c        ****     struct sensors_ ref;
  30:main.c        ****     struct sensors_ dig;
  31:main.c        ****     CyGlobalIntEnable; 
  45              		.loc 1 31 0
  46              	@ 31 "main.c" 1
  47 0006 62B6     		CPSIE   i
  48              	@ 0 "" 2
  32:main.c        ****     UART_1_Start();
  49              		.loc 1 32 0
  50              		.thumb
  51 0008 FFF7FEFF 		bl	UART_1_Start
  52              	.LVL0:
  33:main.c        ****     sensor_isr_StartEx(sensor_isr_handler);
  53              		.loc 1 33 0
  54 000c 4648     		ldr	r0, .L22+8
  55 000e FFF7FEFF 		bl	sensor_isr_StartEx
  56              	.LVL1:
  34:main.c        ****     reflectance_start();
  57              		.loc 1 34 0
  58 0012 FFF7FEFF 		bl	reflectance_start
  59              	.LVL2:
  35:main.c        ****     motor_start();
  60              		.loc 1 35 0
  61 0016 FFF7FEFF 		bl	motor_start
  62              	.LVL3:
  36:main.c        ****     IR_led_Write(1);
  63              		.loc 1 36 0
  64 001a 0120     		movs	r0, #1
  65 001c FFF7FEFF 		bl	IR_led_Write
  66              	.LVL4:
  37:main.c        **** //-----------------------------------------------------------------
  38:main.c        ****     
  39:main.c        ****     int whichmotor = 0; /*
  40:main.c        ****     Program uses this to find back to the track if the robot looses it.
  41:main.c        ****     motor number 1 is LEFT
  42:main.c        ****     motor number 2 is RIGHT
  43:main.c        ****     */
  44:main.c        **** 
  45:main.c        ****     int kmk = 0; /*
  67              		.loc 1 45 0
  68 0020 4FF00009 		mov	r9, #0
  39:main.c        ****     Program uses this to find back to the track if the robot looses it.
ARM GAS  C:\Users\Mikael\AppData\Local\Temp\cc7sULrf.s 			page 3


  69              		.loc 1 39 0
  70 0024 C846     		mov	r8, r9
  71              	.LVL5:
  72              	.L12:
  73              	.LBB2:
  46:main.c        ****     Counter for start/stop funtion at the start and the finishline
  47:main.c        ****     */
  48:main.c        ****     
  49:main.c        ****     
  50:main.c        ****     for(;;)
  51:main.c        ****     {
  52:main.c        ****         
  53:main.c        **** //------[1. CALCULATE MOTORSPEEDS]-----------------------------------------------------------------
  54:main.c        ****         
  55:main.c        ****         reflectance_read(&ref);
  74              		.loc 1 55 0
  75 0026 02A8     		add	r0, sp, #8
  76 0028 FFF7FEFF 		bl	reflectance_read
  77              	.LVL6:
  56:main.c        ****         reflectance_digital(&dig);
  78              		.loc 1 56 0
  79 002c 6846     		mov	r0, sp
  80 002e FFF7FEFF 		bl	reflectance_digital
  81              	.LVL7:
  57:main.c        **** 
  58:main.c        ****         double infraR = ref.r1 - 3770;
  82              		.loc 1 58 0
  83 0032 BDF80C00 		ldrh	r0, [sp, #12]
  84 0036 A0F6BA60 		subw	r0, r0, #3770
  85 003a FFF7FEFF 		bl	__aeabi_i2d
  86              	.LVL8:
  87 003e 0446     		mov	r4, r0
  88 0040 0D46     		mov	r5, r1
  89              	.LVL9:
  59:main.c        ****         double infraL = ref.l1 - 3770;
  90              		.loc 1 59 0
  91 0042 BDF80A00 		ldrh	r0, [sp, #10]
  92 0046 A0F6BA60 		subw	r0, r0, #3770
  93 004a FFF7FEFF 		bl	__aeabi_i2d
  94              	.LVL10:
  60:main.c        ****         double rightMotorRaw = MAGICNUM * infraL;
  95              		.loc 1 60 0
  96 004e 34A3     		adr	r3, .L22
  97 0050 D3E90023 		ldrd	r2, [r3]
  98 0054 FFF7FEFF 		bl	__aeabi_dmul
  99              	.LVL11:
 100 0058 0646     		mov	r6, r0
 101 005a 0F46     		mov	r7, r1
 102              	.LVL12:
  61:main.c        ****         double leftMotorRaw = MAGICNUM * infraR;
 103              		.loc 1 61 0
 104 005c 2046     		mov	r0, r4
 105 005e 2946     		mov	r1, r5
 106 0060 2FA3     		adr	r3, .L22
 107 0062 D3E90023 		ldrd	r2, [r3]
 108 0066 FFF7FEFF 		bl	__aeabi_dmul
 109              	.LVL13:
ARM GAS  C:\Users\Mikael\AppData\Local\Temp\cc7sULrf.s 			page 4


  62:main.c        ****         
  63:main.c        ****         // Convert speeds to int
  64:main.c        ****         int leftMotor = (int) leftMotorRaw;
 110              		.loc 1 64 0
 111 006a FFF7FEFF 		bl	__aeabi_d2iz
 112              	.LVL14:
 113 006e 0546     		mov	r5, r0
 114              	.LVL15:
  65:main.c        ****         int rightMotor = (int) rightMotorRaw;
 115              		.loc 1 65 0
 116 0070 3046     		mov	r0, r6
 117              	.LVL16:
 118 0072 3946     		mov	r1, r7
 119 0074 FFF7FEFF 		bl	__aeabi_d2iz
 120              	.LVL17:
 121 0078 0446     		mov	r4, r0
 122              	.LVL18:
  66:main.c        ****             
  67:main.c        **** //------[2. STOPPING AT LINES]---------------------------------------------------------------------
  68:main.c        **** 
  69:main.c        ****         // Used for the start and the end of the race.
  70:main.c        **** 
  71:main.c        ****         if (dig.l3 == 0 && dig.l1 == 0 && dig.r1 == 0 && dig.r3 == 0) {
 123              		.loc 1 71 0
 124 007a BDF80030 		ldrh	r3, [sp]
 125 007e 0BBB     		cbnz	r3, .L2
 126              		.loc 1 71 0 is_stmt 0 discriminator 1
 127 0080 BDF80230 		ldrh	r3, [sp, #2]
 128 0084 F3B9     		cbnz	r3, .L2
 129              		.loc 1 71 0 discriminator 2
 130 0086 BDF80430 		ldrh	r3, [sp, #4]
 131 008a DBB9     		cbnz	r3, .L2
 132              		.loc 1 71 0 discriminator 3
 133 008c BDF80630 		ldrh	r3, [sp, #6]
 134 0090 C3B9     		cbnz	r3, .L2
  72:main.c        **** 
  73:main.c        ****             if(kmk == 0) /* First black line = START */ {
 135              		.loc 1 73 0 is_stmt 1
 136 0092 B9F1000F 		cmp	r9, #0
 137 0096 06D1     		bne	.L3
  74:main.c        ****                 motor_stop();
 138              		.loc 1 74 0
 139 0098 FFF7FEFF 		bl	motor_stop
 140              	.LVL19:
  75:main.c        ****                 wait_going_down(); // Waits for the command from the remote control
 141              		.loc 1 75 0
 142 009c FFF7FEFF 		bl	wait_going_down
 143              	.LVL20:
  76:main.c        ****                 motor_start();
 144              		.loc 1 76 0
 145 00a0 FFF7FEFF 		bl	motor_start
 146              	.LVL21:
 147 00a4 04E0     		b	.L4
 148              	.LVL22:
 149              	.L3:
  77:main.c        ****             } else if (kmk == 2) /* Third black line = GOAL */ {
 150              		.loc 1 77 0
ARM GAS  C:\Users\Mikael\AppData\Local\Temp\cc7sULrf.s 			page 5


 151 00a6 B9F1020F 		cmp	r9, #2
 152 00aa 01D1     		bne	.L4
  78:main.c        ****                 motor_stop();
 153              		.loc 1 78 0
 154 00ac FFF7FEFF 		bl	motor_stop
 155              	.LVL23:
 156              	.L4:
  79:main.c        ****             }
  80:main.c        ****             
  81:main.c        ****             // Do these at every line
  82:main.c        ****             kmk++;
 157              		.loc 1 82 0
 158 00b0 09F10109 		add	r9, r9, #1
 159              	.LVL24:
  83:main.c        ****             CyDelay(100);
 160              		.loc 1 83 0
 161 00b4 6420     		movs	r0, #100
 162 00b6 FFF7FEFF 		bl	CyDelay
 163              	.LVL25:
  84:main.c        ****             motor_turn(leftMotor, rightMotor, 0);
 164              		.loc 1 84 0
 165 00ba E8B2     		uxtb	r0, r5
 166 00bc E1B2     		uxtb	r1, r4
 167 00be 0022     		movs	r2, #0
 168 00c0 FFF7FEFF 		bl	motor_turn
 169              	.LVL26:
 170              	.L2:
  85:main.c        ****             
  86:main.c        ****         }
  87:main.c        **** 
  88:main.c        **** //------[3. HARD TURN]-----------------------------------------------------------------------------
  89:main.c        **** /*
  90:main.c        ****         If the robot drives away from the track,
  91:main.c        ****         this figures out that from which side the robot has driven out and then drives back.
  92:main.c        **** */    
  93:main.c        ****         if (rightMotor < 80 && leftMotor < 80) {
 171              		.loc 1 93 0
 172 00c4 4F2C     		cmp	r4, #79
 173 00c6 06DC     		bgt	.L5
 174              		.loc 1 93 0 is_stmt 0 discriminator 1
 175 00c8 4F2D     		cmp	r5, #79
 176 00ca 04DC     		bgt	.L5
  94:main.c        ****             if (whichmotor == 1) {
 177              		.loc 1 94 0 is_stmt 1
 178 00cc B8F1010F 		cmp	r8, #1
 179 00d0 06D1     		bne	.L13
  95:main.c        ****                 leftMotor = 255;
 180              		.loc 1 95 0
 181 00d2 FF25     		movs	r5, #255
 182              	.LVL27:
 183 00d4 0BE0     		b	.L6
 184              	.LVL28:
 185              	.L5:
  96:main.c        ****             } else {
  97:main.c        ****                 rightMotor = 255;
  98:main.c        ****             }
  99:main.c        ****         } else if (leftMotor < 80) {
ARM GAS  C:\Users\Mikael\AppData\Local\Temp\cc7sULrf.s 			page 6


 186              		.loc 1 99 0
 187 00d6 4F2D     		cmp	r5, #79
 188 00d8 04DD     		ble	.L14
 100:main.c        ****             whichmotor = 2; // right
 101:main.c        ****         } else if (rightMotor < 80) {
 189              		.loc 1 101 0
 190 00da 4F2C     		cmp	r4, #79
 191 00dc 05DD     		ble	.L15
 192 00de 06E0     		b	.L6
 193              	.L13:
  97:main.c        ****             }
 194              		.loc 1 97 0
 195 00e0 FF24     		movs	r4, #255
 196              	.LVL29:
 197 00e2 04E0     		b	.L6
 198              	.LVL30:
 199              	.L14:
 100:main.c        ****             whichmotor = 2; // right
 200              		.loc 1 100 0
 201 00e4 4FF00208 		mov	r8, #2
 202              	.LVL31:
 203 00e8 01E0     		b	.L6
 204              	.LVL32:
 205              	.L15:
 102:main.c        ****             whichmotor = 1; // left
 206              		.loc 1 102 0
 207 00ea 4FF00108 		mov	r8, #1
 208              	.LVL33:
 209              	.L6:
 103:main.c        ****         }
 104:main.c        ****         
 105:main.c        **** //------[4. ASSISTIVE IF STATEMENTS]---------------------------------------------------------------
 106:main.c        ****         
 107:main.c        ****         // If motors get a same speed, go full speed. This makes the robot faster and makes the acc
 108:main.c        ****         if (leftMotor == rightMotor) {
 210              		.loc 1 108 0
 211 00ee A542     		cmp	r5, r4
 212 00f0 01D1     		bne	.L7
 109:main.c        ****             leftMotor = 255;
 110:main.c        ****             rightMotor = 255;
 213              		.loc 1 110 0
 214 00f2 FF24     		movs	r4, #255
 215              	.LVL34:
 109:main.c        ****             leftMotor = 255;
 216              		.loc 1 109 0
 217 00f4 2546     		mov	r5, r4
 218              	.LVL35:
 219              	.L7:
 111:main.c        ****         }
 112:main.c        ****         
 113:main.c        ****         // Motor speed can't exceed 255. Ensures the stability of the motor
 114:main.c        ****         if (leftMotor > 100) {
 220              		.loc 1 114 0
 221 00f6 642D     		cmp	r5, #100
 222 00f8 00DD     		ble	.L8
 115:main.c        ****             leftMotor = 255;
 223              		.loc 1 115 0
ARM GAS  C:\Users\Mikael\AppData\Local\Temp\cc7sULrf.s 			page 7


 224 00fa FF25     		movs	r5, #255
 225              	.LVL36:
 226              	.L8:
 116:main.c        ****         }
 117:main.c        ****         
 118:main.c        ****         if (rightMotor > 100) {
 227              		.loc 1 118 0
 228 00fc 642C     		cmp	r4, #100
 229 00fe 00DD     		ble	.L9
 119:main.c        ****             rightMotor = 255;
 230              		.loc 1 119 0
 231 0100 FF24     		movs	r4, #255
 232              	.LVL37:
 233              	.L9:
 120:main.c        ****         }
 121:main.c        ****         
 122:main.c        ****         
 123:main.c        ****         // Motor speed can't go lower than 1. Ensures the stability of the motor
 124:main.c        ****         if (rightMotor <= 1) {
 234              		.loc 1 124 0
 235 0102 012C     		cmp	r4, #1
 236 0104 00DC     		bgt	.L10
 125:main.c        ****             rightMotor = 1;
 237              		.loc 1 125 0
 238 0106 0124     		movs	r4, #1
 239              	.LVL38:
 240              	.L10:
 126:main.c        ****         }
 127:main.c        ****         
 128:main.c        ****         if (leftMotor <= 1) {
 241              		.loc 1 128 0
 242 0108 012D     		cmp	r5, #1
 243 010a 00DC     		bgt	.L11
 129:main.c        ****             leftMotor = 1;
 244              		.loc 1 129 0
 245 010c 0125     		movs	r5, #1
 246              	.LVL39:
 247              	.L11:
 130:main.c        ****         }
 131:main.c        ****         
 132:main.c        **** //------[5. DRIVE]---------------------------------------------------------------------------------
 133:main.c        ****         
 134:main.c        ****         motor_turn(leftMotor, rightMotor, 0);
 248              		.loc 1 134 0
 249 010e E8B2     		uxtb	r0, r5
 250 0110 E1B2     		uxtb	r1, r4
 251 0112 0022     		movs	r2, #0
 252 0114 FFF7FEFF 		bl	motor_turn
 253              	.LVL40:
 254              	.LBE2:
 135:main.c        **** 
 136:main.c        ****     }
 255              		.loc 1 136 0
 256 0118 85E7     		b	.L12
 257              	.L23:
 258 011a 00BFAFF3 		.align	3
 258      0080
ARM GAS  C:\Users\Mikael\AppData\Local\Temp\cc7sULrf.s 			page 8


 259              	.L22:
 260 0120 925A2899 		.word	-1725408622
 261 0124 9CDA893F 		.word	1065999004
 262 0128 00000000 		.word	sensor_isr_handler
 263              		.cfi_endproc
 264              	.LFE63:
 265              		.size	main, .-main
 266 012c AFF30080 		.section	.text._write,"ax",%progbits
 267              		.align	2
 268              		.global	_write
 269              		.thumb
 270              		.thumb_func
 271              		.type	_write, %function
 272              	_write:
 273              	.LFB64:
 137:main.c        **** }   
 138:main.c        **** 
 139:main.c        **** 
 140:main.c        **** 
 141:main.c        **** 
 142:main.c        **** 
 143:main.c        **** 
 144:main.c        **** #if 0
 145:main.c        **** int rread(void)
 146:main.c        **** {
 147:main.c        ****     SC0_SetDriveMode(PIN_DM_STRONG);
 148:main.c        ****     SC0_Write(1);
 149:main.c        ****     CyDelayUs(10);
 150:main.c        ****     SC0_SetDriveMode(PIN_DM_DIG_HIZ);
 151:main.c        ****     Timer_1_Start();
 152:main.c        ****     uint16_t start = Timer_1_ReadCounter();
 153:main.c        ****     uint16_t end = 0;
 154:main.c        ****     while(!(Timer_1_ReadStatusRegister() & Timer_1_STATUS_TC)) {
 155:main.c        ****         if(SC0_Read() == 0 && end == 0) {
 156:main.c        ****             end = Timer_1_ReadCounter();
 157:main.c        ****         }
 158:main.c        ****     }
 159:main.c        ****     Timer_1_Stop();
 160:main.c        ****     
 161:main.c        ****     return (start - end);
 162:main.c        **** }
 163:main.c        **** #endif
 164:main.c        **** 
 165:main.c        **** /* Don't remove the functions below */
 166:main.c        **** int _write(int file, char *ptr, int len)
 167:main.c        **** {
 274              		.loc 1 167 0
 275              		.cfi_startproc
 276              		@ args = 0, pretend = 0, frame = 0
 277              		@ frame_needed = 0, uses_anonymous_args = 0
 278              	.LVL41:
 279 0000 F8B5     		push	{r3, r4, r5, r6, r7, lr}
 280              		.cfi_def_cfa_offset 24
 281              		.cfi_offset 3, -24
 282              		.cfi_offset 4, -20
 283              		.cfi_offset 5, -16
 284              		.cfi_offset 6, -12
ARM GAS  C:\Users\Mikael\AppData\Local\Temp\cc7sULrf.s 			page 9


 285              		.cfi_offset 7, -8
 286              		.cfi_offset 14, -4
 287 0002 0C46     		mov	r4, r1
 288 0004 1746     		mov	r7, r2
 289              	.LVL42:
 168:main.c        ****     (void)file; /* Parameter is not used, suppress unused argument warning */
 169:main.c        **** 	int n;
 170:main.c        **** 	for(n = 0; n < len; n++) {
 290              		.loc 1 170 0
 291 0006 0025     		movs	r5, #0
 292 0008 0BE0     		b	.L25
 293              	.LVL43:
 294              	.L27:
 171:main.c        ****         if(*ptr == '\n') UART_1_PutChar('\r');
 295              		.loc 1 171 0
 296 000a 2378     		ldrb	r3, [r4]	@ zero_extendqisi2
 297 000c 0A2B     		cmp	r3, #10
 298 000e 02D1     		bne	.L26
 299              		.loc 1 171 0 is_stmt 0 discriminator 1
 300 0010 0D20     		movs	r0, #13
 301 0012 FFF7FEFF 		bl	UART_1_PutChar
 302              	.LVL44:
 303              	.L26:
 172:main.c        **** 		UART_1_PutChar(*ptr++);
 304              		.loc 1 172 0 is_stmt 1 discriminator 2
 305 0016 661C     		adds	r6, r4, #1
 306              	.LVL45:
 307 0018 2078     		ldrb	r0, [r4]	@ zero_extendqisi2
 308 001a FFF7FEFF 		bl	UART_1_PutChar
 309              	.LVL46:
 170:main.c        ****         if(*ptr == '\n') UART_1_PutChar('\r');
 310              		.loc 1 170 0 discriminator 2
 311 001e 0135     		adds	r5, r5, #1
 312              	.LVL47:
 313              		.loc 1 172 0 discriminator 2
 314 0020 3446     		mov	r4, r6
 315              	.LVL48:
 316              	.L25:
 170:main.c        ****         if(*ptr == '\n') UART_1_PutChar('\r');
 317              		.loc 1 170 0 discriminator 1
 318 0022 BD42     		cmp	r5, r7
 319 0024 F1DB     		blt	.L27
 173:main.c        **** 	}
 174:main.c        **** 	return len;
 175:main.c        **** }
 320              		.loc 1 175 0
 321 0026 3846     		mov	r0, r7
 322 0028 F8BD     		pop	{r3, r4, r5, r6, r7, pc}
 323              		.cfi_endproc
 324              	.LFE64:
 325              		.size	_write, .-_write
 326 002a 00BF     		.section	.text._read,"ax",%progbits
 327              		.align	2
 328              		.global	_read
 329              		.thumb
 330              		.thumb_func
 331              		.type	_read, %function
ARM GAS  C:\Users\Mikael\AppData\Local\Temp\cc7sULrf.s 			page 10


 332              	_read:
 333              	.LFB65:
 176:main.c        **** 
 177:main.c        **** int _read (int file, char *ptr, int count)
 178:main.c        **** {
 334              		.loc 1 178 0
 335              		.cfi_startproc
 336              		@ args = 0, pretend = 0, frame = 0
 337              		@ frame_needed = 0, uses_anonymous_args = 0
 338              	.LVL49:
 339 0000 F8B5     		push	{r3, r4, r5, r6, r7, lr}
 340              		.cfi_def_cfa_offset 24
 341              		.cfi_offset 3, -24
 342              		.cfi_offset 4, -20
 343              		.cfi_offset 5, -16
 344              		.cfi_offset 6, -12
 345              		.cfi_offset 7, -8
 346              		.cfi_offset 14, -4
 347 0002 0F46     		mov	r7, r1
 348 0004 1446     		mov	r4, r2
 349              	.LVL50:
 179:main.c        ****     int chs = 0;
 350              		.loc 1 179 0
 351 0006 0026     		movs	r6, #0
 180:main.c        ****     char ch;
 181:main.c        ****  
 182:main.c        ****     (void)file; /* Parameter is not used, suppress unused argument warning */
 183:main.c        ****     while(count > 0) {
 352              		.loc 1 183 0
 353 0008 12E0     		b	.L31
 354              	.LVL51:
 355              	.L34:
 184:main.c        ****         ch = UART_1_GetChar();
 356              		.loc 1 184 0
 357 000a FFF7FEFF 		bl	UART_1_GetChar
 358              	.LVL52:
 185:main.c        ****         if(ch != 0) {
 359              		.loc 1 185 0
 360 000e 0546     		mov	r5, r0
 361 0010 70B1     		cbz	r0, .L31
 186:main.c        ****             UART_1_PutChar(ch);
 362              		.loc 1 186 0
 363 0012 FFF7FEFF 		bl	UART_1_PutChar
 364              	.LVL53:
 187:main.c        ****             chs++;
 365              		.loc 1 187 0
 366 0016 0136     		adds	r6, r6, #1
 367              	.LVL54:
 188:main.c        ****             if(ch == '\r') {
 368              		.loc 1 188 0
 369 0018 0D2D     		cmp	r5, #13
 370 001a 03D1     		bne	.L32
 371              	.LVL55:
 189:main.c        ****                 ch = '\n';
 190:main.c        ****                 UART_1_PutChar(ch);
 372              		.loc 1 190 0
 373 001c 0A20     		movs	r0, #10
ARM GAS  C:\Users\Mikael\AppData\Local\Temp\cc7sULrf.s 			page 11


 374 001e FFF7FEFF 		bl	UART_1_PutChar
 375              	.LVL56:
 189:main.c        ****                 ch = '\n';
 376              		.loc 1 189 0
 377 0022 0A25     		movs	r5, #10
 378              	.LVL57:
 379              	.L32:
 191:main.c        ****             }
 192:main.c        ****             *ptr++ = ch;
 380              		.loc 1 192 0
 381 0024 7B1C     		adds	r3, r7, #1
 382              	.LVL58:
 383 0026 3D70     		strb	r5, [r7]
 193:main.c        ****             count--;
 384              		.loc 1 193 0
 385 0028 013C     		subs	r4, r4, #1
 386              	.LVL59:
 194:main.c        ****             if(ch == '\n') break;
 387              		.loc 1 194 0
 388 002a 0A2D     		cmp	r5, #10
 389 002c 02D0     		beq	.L33
 192:main.c        ****             count--;
 390              		.loc 1 192 0
 391 002e 1F46     		mov	r7, r3
 392              	.LVL60:
 393              	.L31:
 183:main.c        ****         ch = UART_1_GetChar();
 394              		.loc 1 183 0
 395 0030 002C     		cmp	r4, #0
 396 0032 EADC     		bgt	.L34
 397              	.LVL61:
 398              	.L33:
 195:main.c        ****         }
 196:main.c        ****     }
 197:main.c        ****     return chs;
 198:main.c        **** }
 399              		.loc 1 198 0
 400 0034 3046     		mov	r0, r6
 401 0036 F8BD     		pop	{r3, r4, r5, r6, r7, pc}
 402              		.cfi_endproc
 403              	.LFE65:
 404              		.size	_read, .-_read
 405              		.text
 406              	.Letext0:
 407              		.file 2 "c:\\program files (x86)\\cypress\\psoc creator\\4.0\\psoc creator\\import\\gnu\\arm\\4.9.
 408              		.file 3 "c:\\program files (x86)\\cypress\\psoc creator\\4.0\\psoc creator\\import\\gnu\\arm\\4.9.
 409              		.file 4 "Generated_Source\\PSoC5/cytypes.h"
 410              		.file 5 ".\\ZumoLibrary/Reflectance.h"
 411              		.file 6 ".\\ZumoLibrary/Motor.h"
 412              		.file 7 ".\\ZumoLibrary/IR.h"
 413              		.file 8 "Generated_Source\\PSoC5/CyLib.h"
 414              		.file 9 "Generated_Source\\PSoC5/sensor_isr.h"
 415              		.file 10 "Generated_Source\\PSoC5/UART_1.h"
 416              		.file 11 "Generated_Source\\PSoC5/IR_led.h"
 417              		.file 12 "Generated_Source\\PSoC5/core_cm3.h"
 418              		.section	.debug_info,"",%progbits
 419              	.Ldebug_info0:
ARM GAS  C:\Users\Mikael\AppData\Local\Temp\cc7sULrf.s 			page 12


 420 0000 85040000 		.4byte	0x485
 421 0004 0400     		.2byte	0x4
 422 0006 00000000 		.4byte	.Ldebug_abbrev0
 423 000a 04       		.byte	0x4
 424 000b 01       		.uleb128 0x1
 425 000c C6010000 		.4byte	.LASF44
 426 0010 01       		.byte	0x1
 427 0011 63020000 		.4byte	.LASF45
 428 0015 B3000000 		.4byte	.LASF46
 429 0019 00000000 		.4byte	.Ldebug_ranges0+0
 430 001d 00000000 		.4byte	0
 431 0021 00000000 		.4byte	.Ldebug_line0
 432 0025 02       		.uleb128 0x2
 433 0026 01       		.byte	0x1
 434 0027 06       		.byte	0x6
 435 0028 68010000 		.4byte	.LASF0
 436 002c 02       		.uleb128 0x2
 437 002d 01       		.byte	0x1
 438 002e 08       		.byte	0x8
 439 002f 25010000 		.4byte	.LASF1
 440 0033 02       		.uleb128 0x2
 441 0034 02       		.byte	0x2
 442 0035 05       		.byte	0x5
 443 0036 1A000000 		.4byte	.LASF2
 444 003a 03       		.uleb128 0x3
 445 003b 47000000 		.4byte	.LASF4
 446 003f 02       		.byte	0x2
 447 0040 2B       		.byte	0x2b
 448 0041 45000000 		.4byte	0x45
 449 0045 02       		.uleb128 0x2
 450 0046 02       		.byte	0x2
 451 0047 07       		.byte	0x7
 452 0048 AE010000 		.4byte	.LASF3
 453 004c 03       		.uleb128 0x3
 454 004d B1020000 		.4byte	.LASF5
 455 0051 02       		.byte	0x2
 456 0052 3F       		.byte	0x3f
 457 0053 57000000 		.4byte	0x57
 458 0057 02       		.uleb128 0x2
 459 0058 04       		.byte	0x4
 460 0059 05       		.byte	0x5
 461 005a 12010000 		.4byte	.LASF6
 462 005e 02       		.uleb128 0x2
 463 005f 04       		.byte	0x4
 464 0060 07       		.byte	0x7
 465 0061 6A020000 		.4byte	.LASF7
 466 0065 02       		.uleb128 0x2
 467 0066 08       		.byte	0x8
 468 0067 05       		.byte	0x5
 469 0068 A5000000 		.4byte	.LASF8
 470 006c 02       		.uleb128 0x2
 471 006d 08       		.byte	0x8
 472 006e 07       		.byte	0x7
 473 006f 74010000 		.4byte	.LASF9
 474 0073 04       		.uleb128 0x4
 475 0074 04       		.byte	0x4
 476 0075 05       		.byte	0x5
ARM GAS  C:\Users\Mikael\AppData\Local\Temp\cc7sULrf.s 			page 13


 477 0076 696E7400 		.ascii	"int\000"
 478 007a 02       		.uleb128 0x2
 479 007b 04       		.byte	0x4
 480 007c 07       		.byte	0x7
 481 007d 8B010000 		.4byte	.LASF10
 482 0081 03       		.uleb128 0x3
 483 0082 98010000 		.4byte	.LASF11
 484 0086 03       		.byte	0x3
 485 0087 21       		.byte	0x21
 486 0088 3A000000 		.4byte	0x3a
 487 008c 03       		.uleb128 0x3
 488 008d 54020000 		.4byte	.LASF12
 489 0091 03       		.byte	0x3
 490 0092 2C       		.byte	0x2c
 491 0093 4C000000 		.4byte	0x4c
 492 0097 05       		.uleb128 0x5
 493 0098 6B000000 		.4byte	.LASF13
 494 009c 04       		.byte	0x4
 495 009d 9201     		.2byte	0x192
 496 009f 2C000000 		.4byte	0x2c
 497 00a3 05       		.uleb128 0x5
 498 00a4 5C020000 		.4byte	.LASF14
 499 00a8 04       		.byte	0x4
 500 00a9 9401     		.2byte	0x194
 501 00ab 5E000000 		.4byte	0x5e
 502 00af 02       		.uleb128 0x2
 503 00b0 04       		.byte	0x4
 504 00b1 04       		.byte	0x4
 505 00b2 9F000000 		.4byte	.LASF15
 506 00b6 02       		.uleb128 0x2
 507 00b7 08       		.byte	0x8
 508 00b8 04       		.byte	0x4
 509 00b9 CC020000 		.4byte	.LASF16
 510 00bd 02       		.uleb128 0x2
 511 00be 01       		.byte	0x1
 512 00bf 08       		.byte	0x8
 513 00c0 C1010000 		.4byte	.LASF17
 514 00c4 05       		.uleb128 0x5
 515 00c5 4A010000 		.4byte	.LASF18
 516 00c9 04       		.byte	0x4
 517 00ca 4E02     		.2byte	0x24e
 518 00cc D0000000 		.4byte	0xd0
 519 00d0 06       		.uleb128 0x6
 520 00d1 04       		.byte	0x4
 521 00d2 D6000000 		.4byte	0xd6
 522 00d6 07       		.uleb128 0x7
 523 00d7 02       		.uleb128 0x2
 524 00d8 04       		.byte	0x4
 525 00d9 07       		.byte	0x7
 526 00da 24000000 		.4byte	.LASF19
 527 00de 06       		.uleb128 0x6
 528 00df 04       		.byte	0x4
 529 00e0 BD000000 		.4byte	0xbd
 530 00e4 08       		.uleb128 0x8
 531 00e5 57000000 		.4byte	.LASF47
 532 00e9 08       		.byte	0x8
 533 00ea 05       		.byte	0x5
ARM GAS  C:\Users\Mikael\AppData\Local\Temp\cc7sULrf.s 			page 14


 534 00eb 11       		.byte	0x11
 535 00ec 1D010000 		.4byte	0x11d
 536 00f0 09       		.uleb128 0x9
 537 00f1 6C3300   		.ascii	"l3\000"
 538 00f4 05       		.byte	0x5
 539 00f5 12       		.byte	0x12
 540 00f6 81000000 		.4byte	0x81
 541 00fa 00       		.byte	0
 542 00fb 09       		.uleb128 0x9
 543 00fc 6C3100   		.ascii	"l1\000"
 544 00ff 05       		.byte	0x5
 545 0100 14       		.byte	0x14
 546 0101 81000000 		.4byte	0x81
 547 0105 02       		.byte	0x2
 548 0106 09       		.uleb128 0x9
 549 0107 723100   		.ascii	"r1\000"
 550 010a 05       		.byte	0x5
 551 010b 15       		.byte	0x15
 552 010c 81000000 		.4byte	0x81
 553 0110 04       		.byte	0x4
 554 0111 09       		.uleb128 0x9
 555 0112 723300   		.ascii	"r3\000"
 556 0115 05       		.byte	0x5
 557 0116 17       		.byte	0x17
 558 0117 81000000 		.4byte	0x81
 559 011b 06       		.byte	0x6
 560 011c 00       		.byte	0
 561 011d 02       		.uleb128 0x2
 562 011e 08       		.byte	0x8
 563 011f 04       		.byte	0x4
 564 0120 33010000 		.4byte	.LASF20
 565 0124 0A       		.uleb128 0xa
 566 0125 3B000000 		.4byte	.LASF48
 567 0129 01       		.byte	0x1
 568 012a 18       		.byte	0x18
 569 012b 73000000 		.4byte	0x73
 570 012f 00000000 		.4byte	.LFB63
 571 0133 2C010000 		.4byte	.LFE63-.LFB63
 572 0137 01       		.uleb128 0x1
 573 0138 9C       		.byte	0x9c
 574 0139 B0020000 		.4byte	0x2b0
 575 013d 0B       		.uleb128 0xb
 576 013e 72656600 		.ascii	"ref\000"
 577 0142 01       		.byte	0x1
 578 0143 1D       		.byte	0x1d
 579 0144 E4000000 		.4byte	0xe4
 580 0148 02       		.uleb128 0x2
 581 0149 91       		.byte	0x91
 582 014a 58       		.sleb128 -40
 583 014b 0B       		.uleb128 0xb
 584 014c 64696700 		.ascii	"dig\000"
 585 0150 01       		.byte	0x1
 586 0151 1E       		.byte	0x1e
 587 0152 E4000000 		.4byte	0xe4
 588 0156 02       		.uleb128 0x2
 589 0157 91       		.byte	0x91
 590 0158 50       		.sleb128 -48
ARM GAS  C:\Users\Mikael\AppData\Local\Temp\cc7sULrf.s 			page 15


 591 0159 0C       		.uleb128 0xc
 592 015a 57010000 		.4byte	.LASF21
 593 015e 01       		.byte	0x1
 594 015f 27       		.byte	0x27
 595 0160 73000000 		.4byte	0x73
 596 0164 00000000 		.4byte	.LLST0
 597 0168 0D       		.uleb128 0xd
 598 0169 6B6D6B00 		.ascii	"kmk\000"
 599 016d 01       		.byte	0x1
 600 016e 2D       		.byte	0x2d
 601 016f 73000000 		.4byte	0x73
 602 0173 2A000000 		.4byte	.LLST1
 603 0177 0E       		.uleb128 0xe
 604 0178 26000000 		.4byte	.LBB2
 605 017c F2000000 		.4byte	.LBE2-.LBB2
 606 0180 7C020000 		.4byte	0x27c
 607 0184 0C       		.uleb128 0xc
 608 0185 34000000 		.4byte	.LASF22
 609 0189 01       		.byte	0x1
 610 018a 3A       		.byte	0x3a
 611 018b B6000000 		.4byte	0xb6
 612 018f 49000000 		.4byte	.LLST2
 613 0193 0C       		.uleb128 0xc
 614 0194 2D000000 		.4byte	.LASF23
 615 0198 01       		.byte	0x1
 616 0199 3B       		.byte	0x3b
 617 019a B6000000 		.4byte	0xb6
 618 019e 61000000 		.4byte	.LLST3
 619 01a2 0F       		.uleb128 0xf
 620 01a3 04010000 		.4byte	.LASF24
 621 01a7 01       		.byte	0x1
 622 01a8 3C       		.byte	0x3c
 623 01a9 B6000000 		.4byte	0xb6
 624 01ad 06       		.uleb128 0x6
 625 01ae 56       		.byte	0x56
 626 01af 93       		.byte	0x93
 627 01b0 04       		.uleb128 0x4
 628 01b1 57       		.byte	0x57
 629 01b2 93       		.byte	0x93
 630 01b3 04       		.uleb128 0x4
 631 01b4 0C       		.uleb128 0xc
 632 01b5 A1010000 		.4byte	.LASF25
 633 01b9 01       		.byte	0x1
 634 01ba 3D       		.byte	0x3d
 635 01bb B6000000 		.4byte	0xb6
 636 01bf 79000000 		.4byte	.LLST4
 637 01c3 0C       		.uleb128 0xc
 638 01c4 1B010000 		.4byte	.LASF26
 639 01c8 01       		.byte	0x1
 640 01c9 40       		.byte	0x40
 641 01ca 73000000 		.4byte	0x73
 642 01ce 91000000 		.4byte	.LLST5
 643 01d2 0C       		.uleb128 0xc
 644 01d3 60000000 		.4byte	.LASF27
 645 01d7 01       		.byte	0x1
 646 01d8 41       		.byte	0x41
 647 01d9 73000000 		.4byte	0x73
ARM GAS  C:\Users\Mikael\AppData\Local\Temp\cc7sULrf.s 			page 16


 648 01dd BA000000 		.4byte	.LLST6
 649 01e1 10       		.uleb128 0x10
 650 01e2 2C000000 		.4byte	.LVL6
 651 01e6 C1030000 		.4byte	0x3c1
 652 01ea F5010000 		.4byte	0x1f5
 653 01ee 11       		.uleb128 0x11
 654 01ef 01       		.uleb128 0x1
 655 01f0 50       		.byte	0x50
 656 01f1 02       		.uleb128 0x2
 657 01f2 91       		.byte	0x91
 658 01f3 58       		.sleb128 -40
 659 01f4 00       		.byte	0
 660 01f5 10       		.uleb128 0x10
 661 01f6 32000000 		.4byte	.LVL7
 662 01fa D8030000 		.4byte	0x3d8
 663 01fe 09020000 		.4byte	0x209
 664 0202 11       		.uleb128 0x11
 665 0203 01       		.uleb128 0x1
 666 0204 50       		.byte	0x50
 667 0205 02       		.uleb128 0x2
 668 0206 7D       		.byte	0x7d
 669 0207 00       		.sleb128 0
 670 0208 00       		.byte	0
 671 0209 12       		.uleb128 0x12
 672 020a 9C000000 		.4byte	.LVL19
 673 020e E9030000 		.4byte	0x3e9
 674 0212 12       		.uleb128 0x12
 675 0213 A0000000 		.4byte	.LVL20
 676 0217 F6030000 		.4byte	0x3f6
 677 021b 12       		.uleb128 0x12
 678 021c A4000000 		.4byte	.LVL21
 679 0220 03040000 		.4byte	0x403
 680 0224 12       		.uleb128 0x12
 681 0225 B0000000 		.4byte	.LVL23
 682 0229 E9030000 		.4byte	0x3e9
 683 022d 10       		.uleb128 0x10
 684 022e BA000000 		.4byte	.LVL25
 685 0232 10040000 		.4byte	0x410
 686 0236 41020000 		.4byte	0x241
 687 023a 11       		.uleb128 0x11
 688 023b 01       		.uleb128 0x1
 689 023c 50       		.byte	0x50
 690 023d 02       		.uleb128 0x2
 691 023e 08       		.byte	0x8
 692 023f 64       		.byte	0x64
 693 0240 00       		.byte	0
 694 0241 10       		.uleb128 0x10
 695 0242 C4000000 		.4byte	.LVL26
 696 0246 21040000 		.4byte	0x421
 697 024a 60020000 		.4byte	0x260
 698 024e 11       		.uleb128 0x11
 699 024f 01       		.uleb128 0x1
 700 0250 52       		.byte	0x52
 701 0251 01       		.uleb128 0x1
 702 0252 30       		.byte	0x30
 703 0253 11       		.uleb128 0x11
 704 0254 01       		.uleb128 0x1
ARM GAS  C:\Users\Mikael\AppData\Local\Temp\cc7sULrf.s 			page 17


 705 0255 51       		.byte	0x51
 706 0256 02       		.uleb128 0x2
 707 0257 74       		.byte	0x74
 708 0258 00       		.sleb128 0
 709 0259 11       		.uleb128 0x11
 710 025a 01       		.uleb128 0x1
 711 025b 50       		.byte	0x50
 712 025c 02       		.uleb128 0x2
 713 025d 75       		.byte	0x75
 714 025e 00       		.sleb128 0
 715 025f 00       		.byte	0
 716 0260 13       		.uleb128 0x13
 717 0261 18010000 		.4byte	.LVL40
 718 0265 21040000 		.4byte	0x421
 719 0269 11       		.uleb128 0x11
 720 026a 01       		.uleb128 0x1
 721 026b 52       		.byte	0x52
 722 026c 01       		.uleb128 0x1
 723 026d 30       		.byte	0x30
 724 026e 11       		.uleb128 0x11
 725 026f 01       		.uleb128 0x1
 726 0270 51       		.byte	0x51
 727 0271 02       		.uleb128 0x2
 728 0272 74       		.byte	0x74
 729 0273 00       		.sleb128 0
 730 0274 11       		.uleb128 0x11
 731 0275 01       		.uleb128 0x1
 732 0276 50       		.byte	0x50
 733 0277 02       		.uleb128 0x2
 734 0278 75       		.byte	0x75
 735 0279 00       		.sleb128 0
 736 027a 00       		.byte	0
 737 027b 00       		.byte	0
 738 027c 12       		.uleb128 0x12
 739 027d 0C000000 		.4byte	.LVL0
 740 0281 3C040000 		.4byte	0x43c
 741 0285 12       		.uleb128 0x12
 742 0286 12000000 		.4byte	.LVL1
 743 028a 43040000 		.4byte	0x443
 744 028e 12       		.uleb128 0x12
 745 028f 16000000 		.4byte	.LVL2
 746 0293 54040000 		.4byte	0x454
 747 0297 12       		.uleb128 0x12
 748 0298 1A000000 		.4byte	.LVL3
 749 029c 03040000 		.4byte	0x403
 750 02a0 13       		.uleb128 0x13
 751 02a1 20000000 		.4byte	.LVL4
 752 02a5 5B040000 		.4byte	0x45b
 753 02a9 11       		.uleb128 0x11
 754 02aa 01       		.uleb128 0x1
 755 02ab 50       		.byte	0x50
 756 02ac 01       		.uleb128 0x1
 757 02ad 31       		.byte	0x31
 758 02ae 00       		.byte	0
 759 02af 00       		.byte	0
 760 02b0 14       		.uleb128 0x14
 761 02b1 40000000 		.4byte	.LASF29
ARM GAS  C:\Users\Mikael\AppData\Local\Temp\cc7sULrf.s 			page 18


 762 02b5 01       		.byte	0x1
 763 02b6 A6       		.byte	0xa6
 764 02b7 73000000 		.4byte	0x73
 765 02bb 00000000 		.4byte	.LFB64
 766 02bf 2A000000 		.4byte	.LFE64-.LFB64
 767 02c3 01       		.uleb128 0x1
 768 02c4 9C       		.byte	0x9c
 769 02c5 20030000 		.4byte	0x320
 770 02c9 15       		.uleb128 0x15
 771 02ca 52000000 		.4byte	.LASF28
 772 02ce 01       		.byte	0x1
 773 02cf A6       		.byte	0xa6
 774 02d0 73000000 		.4byte	0x73
 775 02d4 04010000 		.4byte	.LLST7
 776 02d8 16       		.uleb128 0x16
 777 02d9 70747200 		.ascii	"ptr\000"
 778 02dd 01       		.byte	0x1
 779 02de A6       		.byte	0xa6
 780 02df DE000000 		.4byte	0xde
 781 02e3 25010000 		.4byte	.LLST8
 782 02e7 16       		.uleb128 0x16
 783 02e8 6C656E00 		.ascii	"len\000"
 784 02ec 01       		.byte	0x1
 785 02ed A6       		.byte	0xa6
 786 02ee 73000000 		.4byte	0x73
 787 02f2 59010000 		.4byte	.LLST9
 788 02f6 0D       		.uleb128 0xd
 789 02f7 6E00     		.ascii	"n\000"
 790 02f9 01       		.byte	0x1
 791 02fa A9       		.byte	0xa9
 792 02fb 73000000 		.4byte	0x73
 793 02ff 77010000 		.4byte	.LLST10
 794 0303 10       		.uleb128 0x10
 795 0304 16000000 		.4byte	.LVL44
 796 0308 6C040000 		.4byte	0x46c
 797 030c 16030000 		.4byte	0x316
 798 0310 11       		.uleb128 0x11
 799 0311 01       		.uleb128 0x1
 800 0312 50       		.byte	0x50
 801 0313 01       		.uleb128 0x1
 802 0314 3D       		.byte	0x3d
 803 0315 00       		.byte	0
 804 0316 12       		.uleb128 0x12
 805 0317 1E000000 		.4byte	.LVL46
 806 031b 6C040000 		.4byte	0x46c
 807 031f 00       		.byte	0
 808 0320 14       		.uleb128 0x14
 809 0321 62010000 		.4byte	.LASF30
 810 0325 01       		.byte	0x1
 811 0326 B1       		.byte	0xb1
 812 0327 73000000 		.4byte	0x73
 813 032b 00000000 		.4byte	.LFB65
 814 032f 38000000 		.4byte	.LFE65-.LFB65
 815 0333 01       		.uleb128 0x1
 816 0334 9C       		.byte	0x9c
 817 0335 B0030000 		.4byte	0x3b0
 818 0339 15       		.uleb128 0x15
ARM GAS  C:\Users\Mikael\AppData\Local\Temp\cc7sULrf.s 			page 19


 819 033a 52000000 		.4byte	.LASF28
 820 033e 01       		.byte	0x1
 821 033f B1       		.byte	0xb1
 822 0340 73000000 		.4byte	0x73
 823 0344 96010000 		.4byte	.LLST11
 824 0348 16       		.uleb128 0x16
 825 0349 70747200 		.ascii	"ptr\000"
 826 034d 01       		.byte	0x1
 827 034e B1       		.byte	0xb1
 828 034f DE000000 		.4byte	0xde
 829 0353 B7010000 		.4byte	.LLST12
 830 0357 15       		.uleb128 0x15
 831 0358 AB020000 		.4byte	.LASF31
 832 035c 01       		.byte	0x1
 833 035d B1       		.byte	0xb1
 834 035e 73000000 		.4byte	0x73
 835 0362 EB010000 		.4byte	.LLST13
 836 0366 0D       		.uleb128 0xd
 837 0367 63687300 		.ascii	"chs\000"
 838 036b 01       		.byte	0x1
 839 036c B3       		.byte	0xb3
 840 036d 73000000 		.4byte	0x73
 841 0371 09020000 		.4byte	.LLST14
 842 0375 0D       		.uleb128 0xd
 843 0376 636800   		.ascii	"ch\000"
 844 0379 01       		.byte	0x1
 845 037a B4       		.byte	0xb4
 846 037b BD000000 		.4byte	0xbd
 847 037f 28020000 		.4byte	.LLST15
 848 0383 12       		.uleb128 0x12
 849 0384 0E000000 		.4byte	.LVL52
 850 0388 7D040000 		.4byte	0x47d
 851 038c 10       		.uleb128 0x10
 852 038d 16000000 		.4byte	.LVL53
 853 0391 6C040000 		.4byte	0x46c
 854 0395 A0030000 		.4byte	0x3a0
 855 0399 11       		.uleb128 0x11
 856 039a 01       		.uleb128 0x1
 857 039b 50       		.byte	0x50
 858 039c 02       		.uleb128 0x2
 859 039d 75       		.byte	0x75
 860 039e 00       		.sleb128 0
 861 039f 00       		.byte	0
 862 03a0 13       		.uleb128 0x13
 863 03a1 22000000 		.4byte	.LVL56
 864 03a5 6C040000 		.4byte	0x46c
 865 03a9 11       		.uleb128 0x11
 866 03aa 01       		.uleb128 0x1
 867 03ab 50       		.byte	0x50
 868 03ac 01       		.uleb128 0x1
 869 03ad 3A       		.byte	0x3a
 870 03ae 00       		.byte	0
 871 03af 00       		.byte	0
 872 03b0 17       		.uleb128 0x17
 873 03b1 D3020000 		.4byte	.LASF49
 874 03b5 0C       		.byte	0xc
 875 03b6 9606     		.2byte	0x696
ARM GAS  C:\Users\Mikael\AppData\Local\Temp\cc7sULrf.s 			page 20


 876 03b8 BC030000 		.4byte	0x3bc
 877 03bc 18       		.uleb128 0x18
 878 03bd 8C000000 		.4byte	0x8c
 879 03c1 19       		.uleb128 0x19
 880 03c2 BB020000 		.4byte	.LASF32
 881 03c6 05       		.byte	0x5
 882 03c7 1B       		.byte	0x1b
 883 03c8 D2030000 		.4byte	0x3d2
 884 03cc 1A       		.uleb128 0x1a
 885 03cd D2030000 		.4byte	0x3d2
 886 03d1 00       		.byte	0
 887 03d2 06       		.uleb128 0x6
 888 03d3 04       		.byte	0x4
 889 03d4 E4000000 		.4byte	0xe4
 890 03d8 19       		.uleb128 0x19
 891 03d9 F0000000 		.4byte	.LASF33
 892 03dd 05       		.byte	0x5
 893 03de 1C       		.byte	0x1c
 894 03df E9030000 		.4byte	0x3e9
 895 03e3 1A       		.uleb128 0x1a
 896 03e4 D2030000 		.4byte	0x3d2
 897 03e8 00       		.byte	0
 898 03e9 1B       		.uleb128 0x1b
 899 03ea 0F000000 		.4byte	.LASF34
 900 03ee 06       		.byte	0x6
 901 03ef 0C       		.byte	0xc
 902 03f0 F6030000 		.4byte	0x3f6
 903 03f4 1C       		.uleb128 0x1c
 904 03f5 00       		.byte	0
 905 03f6 1B       		.uleb128 0x1b
 906 03f7 9B020000 		.4byte	.LASF35
 907 03fb 07       		.byte	0x7
 908 03fc 0B       		.byte	0xb
 909 03fd 03040000 		.4byte	0x403
 910 0401 1C       		.uleb128 0x1c
 911 0402 00       		.byte	0
 912 0403 1B       		.uleb128 0x1b
 913 0404 8F020000 		.4byte	.LASF36
 914 0408 06       		.byte	0x6
 915 0409 0B       		.byte	0xb
 916 040a 10040000 		.4byte	0x410
 917 040e 1C       		.uleb128 0x1c
 918 040f 00       		.byte	0
 919 0410 19       		.uleb128 0x19
 920 0411 E0020000 		.4byte	.LASF37
 921 0415 08       		.byte	0x8
 922 0416 76       		.byte	0x76
 923 0417 21040000 		.4byte	0x421
 924 041b 1A       		.uleb128 0x1a
 925 041c A3000000 		.4byte	0xa3
 926 0420 00       		.byte	0
 927 0421 19       		.uleb128 0x19
 928 0422 3F010000 		.4byte	.LASF38
 929 0426 06       		.byte	0x6
 930 0427 12       		.byte	0x12
 931 0428 3C040000 		.4byte	0x43c
 932 042c 1A       		.uleb128 0x1a
ARM GAS  C:\Users\Mikael\AppData\Local\Temp\cc7sULrf.s 			page 21


 933 042d 97000000 		.4byte	0x97
 934 0431 1A       		.uleb128 0x1a
 935 0432 97000000 		.4byte	0x97
 936 0436 1A       		.uleb128 0x1a
 937 0437 A3000000 		.4byte	0xa3
 938 043b 00       		.byte	0
 939 043c 1D       		.uleb128 0x1d
 940 043d 83000000 		.4byte	.LASF40
 941 0441 0A       		.byte	0xa
 942 0442 54       		.byte	0x54
 943 0443 19       		.uleb128 0x19
 944 0444 7C020000 		.4byte	.LASF39
 945 0448 09       		.byte	0x9
 946 0449 18       		.byte	0x18
 947 044a 54040000 		.4byte	0x454
 948 044e 1A       		.uleb128 0x1a
 949 044f C4000000 		.4byte	0xc4
 950 0453 00       		.byte	0
 951 0454 1D       		.uleb128 0x1d
 952 0455 71000000 		.4byte	.LASF41
 953 0459 05       		.byte	0x5
 954 045a 1A       		.byte	0x1a
 955 045b 19       		.uleb128 0x19
 956 045c E8020000 		.4byte	.LASF42
 957 0460 0B       		.byte	0xb
 958 0461 26       		.byte	0x26
 959 0462 6C040000 		.4byte	0x46c
 960 0466 1A       		.uleb128 0x1a
 961 0467 97000000 		.4byte	0x97
 962 046b 00       		.byte	0
 963 046c 19       		.uleb128 0x19
 964 046d 90000000 		.4byte	.LASF43
 965 0471 0A       		.byte	0xa
 966 0472 8A       		.byte	0x8a
 967 0473 7D040000 		.4byte	0x47d
 968 0477 1A       		.uleb128 0x1a
 969 0478 97000000 		.4byte	0x97
 970 047c 00       		.byte	0
 971 047d 1E       		.uleb128 0x1e
 972 047e 00000000 		.4byte	.LASF50
 973 0482 0A       		.byte	0xa
 974 0483 71       		.byte	0x71
 975 0484 97000000 		.4byte	0x97
 976 0488 00       		.byte	0
 977              		.section	.debug_abbrev,"",%progbits
 978              	.Ldebug_abbrev0:
 979 0000 01       		.uleb128 0x1
 980 0001 11       		.uleb128 0x11
 981 0002 01       		.byte	0x1
 982 0003 25       		.uleb128 0x25
 983 0004 0E       		.uleb128 0xe
 984 0005 13       		.uleb128 0x13
 985 0006 0B       		.uleb128 0xb
 986 0007 03       		.uleb128 0x3
 987 0008 0E       		.uleb128 0xe
 988 0009 1B       		.uleb128 0x1b
 989 000a 0E       		.uleb128 0xe
ARM GAS  C:\Users\Mikael\AppData\Local\Temp\cc7sULrf.s 			page 22


 990 000b 55       		.uleb128 0x55
 991 000c 17       		.uleb128 0x17
 992 000d 11       		.uleb128 0x11
 993 000e 01       		.uleb128 0x1
 994 000f 10       		.uleb128 0x10
 995 0010 17       		.uleb128 0x17
 996 0011 00       		.byte	0
 997 0012 00       		.byte	0
 998 0013 02       		.uleb128 0x2
 999 0014 24       		.uleb128 0x24
 1000 0015 00       		.byte	0
 1001 0016 0B       		.uleb128 0xb
 1002 0017 0B       		.uleb128 0xb
 1003 0018 3E       		.uleb128 0x3e
 1004 0019 0B       		.uleb128 0xb
 1005 001a 03       		.uleb128 0x3
 1006 001b 0E       		.uleb128 0xe
 1007 001c 00       		.byte	0
 1008 001d 00       		.byte	0
 1009 001e 03       		.uleb128 0x3
 1010 001f 16       		.uleb128 0x16
 1011 0020 00       		.byte	0
 1012 0021 03       		.uleb128 0x3
 1013 0022 0E       		.uleb128 0xe
 1014 0023 3A       		.uleb128 0x3a
 1015 0024 0B       		.uleb128 0xb
 1016 0025 3B       		.uleb128 0x3b
 1017 0026 0B       		.uleb128 0xb
 1018 0027 49       		.uleb128 0x49
 1019 0028 13       		.uleb128 0x13
 1020 0029 00       		.byte	0
 1021 002a 00       		.byte	0
 1022 002b 04       		.uleb128 0x4
 1023 002c 24       		.uleb128 0x24
 1024 002d 00       		.byte	0
 1025 002e 0B       		.uleb128 0xb
 1026 002f 0B       		.uleb128 0xb
 1027 0030 3E       		.uleb128 0x3e
 1028 0031 0B       		.uleb128 0xb
 1029 0032 03       		.uleb128 0x3
 1030 0033 08       		.uleb128 0x8
 1031 0034 00       		.byte	0
 1032 0035 00       		.byte	0
 1033 0036 05       		.uleb128 0x5
 1034 0037 16       		.uleb128 0x16
 1035 0038 00       		.byte	0
 1036 0039 03       		.uleb128 0x3
 1037 003a 0E       		.uleb128 0xe
 1038 003b 3A       		.uleb128 0x3a
 1039 003c 0B       		.uleb128 0xb
 1040 003d 3B       		.uleb128 0x3b
 1041 003e 05       		.uleb128 0x5
 1042 003f 49       		.uleb128 0x49
 1043 0040 13       		.uleb128 0x13
 1044 0041 00       		.byte	0
 1045 0042 00       		.byte	0
 1046 0043 06       		.uleb128 0x6
ARM GAS  C:\Users\Mikael\AppData\Local\Temp\cc7sULrf.s 			page 23


 1047 0044 0F       		.uleb128 0xf
 1048 0045 00       		.byte	0
 1049 0046 0B       		.uleb128 0xb
 1050 0047 0B       		.uleb128 0xb
 1051 0048 49       		.uleb128 0x49
 1052 0049 13       		.uleb128 0x13
 1053 004a 00       		.byte	0
 1054 004b 00       		.byte	0
 1055 004c 07       		.uleb128 0x7
 1056 004d 15       		.uleb128 0x15
 1057 004e 00       		.byte	0
 1058 004f 27       		.uleb128 0x27
 1059 0050 19       		.uleb128 0x19
 1060 0051 00       		.byte	0
 1061 0052 00       		.byte	0
 1062 0053 08       		.uleb128 0x8
 1063 0054 13       		.uleb128 0x13
 1064 0055 01       		.byte	0x1
 1065 0056 03       		.uleb128 0x3
 1066 0057 0E       		.uleb128 0xe
 1067 0058 0B       		.uleb128 0xb
 1068 0059 0B       		.uleb128 0xb
 1069 005a 3A       		.uleb128 0x3a
 1070 005b 0B       		.uleb128 0xb
 1071 005c 3B       		.uleb128 0x3b
 1072 005d 0B       		.uleb128 0xb
 1073 005e 01       		.uleb128 0x1
 1074 005f 13       		.uleb128 0x13
 1075 0060 00       		.byte	0
 1076 0061 00       		.byte	0
 1077 0062 09       		.uleb128 0x9
 1078 0063 0D       		.uleb128 0xd
 1079 0064 00       		.byte	0
 1080 0065 03       		.uleb128 0x3
 1081 0066 08       		.uleb128 0x8
 1082 0067 3A       		.uleb128 0x3a
 1083 0068 0B       		.uleb128 0xb
 1084 0069 3B       		.uleb128 0x3b
 1085 006a 0B       		.uleb128 0xb
 1086 006b 49       		.uleb128 0x49
 1087 006c 13       		.uleb128 0x13
 1088 006d 38       		.uleb128 0x38
 1089 006e 0B       		.uleb128 0xb
 1090 006f 00       		.byte	0
 1091 0070 00       		.byte	0
 1092 0071 0A       		.uleb128 0xa
 1093 0072 2E       		.uleb128 0x2e
 1094 0073 01       		.byte	0x1
 1095 0074 3F       		.uleb128 0x3f
 1096 0075 19       		.uleb128 0x19
 1097 0076 03       		.uleb128 0x3
 1098 0077 0E       		.uleb128 0xe
 1099 0078 3A       		.uleb128 0x3a
 1100 0079 0B       		.uleb128 0xb
 1101 007a 3B       		.uleb128 0x3b
 1102 007b 0B       		.uleb128 0xb
 1103 007c 49       		.uleb128 0x49
ARM GAS  C:\Users\Mikael\AppData\Local\Temp\cc7sULrf.s 			page 24


 1104 007d 13       		.uleb128 0x13
 1105 007e 11       		.uleb128 0x11
 1106 007f 01       		.uleb128 0x1
 1107 0080 12       		.uleb128 0x12
 1108 0081 06       		.uleb128 0x6
 1109 0082 40       		.uleb128 0x40
 1110 0083 18       		.uleb128 0x18
 1111 0084 9642     		.uleb128 0x2116
 1112 0086 19       		.uleb128 0x19
 1113 0087 01       		.uleb128 0x1
 1114 0088 13       		.uleb128 0x13
 1115 0089 00       		.byte	0
 1116 008a 00       		.byte	0
 1117 008b 0B       		.uleb128 0xb
 1118 008c 34       		.uleb128 0x34
 1119 008d 00       		.byte	0
 1120 008e 03       		.uleb128 0x3
 1121 008f 08       		.uleb128 0x8
 1122 0090 3A       		.uleb128 0x3a
 1123 0091 0B       		.uleb128 0xb
 1124 0092 3B       		.uleb128 0x3b
 1125 0093 0B       		.uleb128 0xb
 1126 0094 49       		.uleb128 0x49
 1127 0095 13       		.uleb128 0x13
 1128 0096 02       		.uleb128 0x2
 1129 0097 18       		.uleb128 0x18
 1130 0098 00       		.byte	0
 1131 0099 00       		.byte	0
 1132 009a 0C       		.uleb128 0xc
 1133 009b 34       		.uleb128 0x34
 1134 009c 00       		.byte	0
 1135 009d 03       		.uleb128 0x3
 1136 009e 0E       		.uleb128 0xe
 1137 009f 3A       		.uleb128 0x3a
 1138 00a0 0B       		.uleb128 0xb
 1139 00a1 3B       		.uleb128 0x3b
 1140 00a2 0B       		.uleb128 0xb
 1141 00a3 49       		.uleb128 0x49
 1142 00a4 13       		.uleb128 0x13
 1143 00a5 02       		.uleb128 0x2
 1144 00a6 17       		.uleb128 0x17
 1145 00a7 00       		.byte	0
 1146 00a8 00       		.byte	0
 1147 00a9 0D       		.uleb128 0xd
 1148 00aa 34       		.uleb128 0x34
 1149 00ab 00       		.byte	0
 1150 00ac 03       		.uleb128 0x3
 1151 00ad 08       		.uleb128 0x8
 1152 00ae 3A       		.uleb128 0x3a
 1153 00af 0B       		.uleb128 0xb
 1154 00b0 3B       		.uleb128 0x3b
 1155 00b1 0B       		.uleb128 0xb
 1156 00b2 49       		.uleb128 0x49
 1157 00b3 13       		.uleb128 0x13
 1158 00b4 02       		.uleb128 0x2
 1159 00b5 17       		.uleb128 0x17
 1160 00b6 00       		.byte	0
ARM GAS  C:\Users\Mikael\AppData\Local\Temp\cc7sULrf.s 			page 25


 1161 00b7 00       		.byte	0
 1162 00b8 0E       		.uleb128 0xe
 1163 00b9 0B       		.uleb128 0xb
 1164 00ba 01       		.byte	0x1
 1165 00bb 11       		.uleb128 0x11
 1166 00bc 01       		.uleb128 0x1
 1167 00bd 12       		.uleb128 0x12
 1168 00be 06       		.uleb128 0x6
 1169 00bf 01       		.uleb128 0x1
 1170 00c0 13       		.uleb128 0x13
 1171 00c1 00       		.byte	0
 1172 00c2 00       		.byte	0
 1173 00c3 0F       		.uleb128 0xf
 1174 00c4 34       		.uleb128 0x34
 1175 00c5 00       		.byte	0
 1176 00c6 03       		.uleb128 0x3
 1177 00c7 0E       		.uleb128 0xe
 1178 00c8 3A       		.uleb128 0x3a
 1179 00c9 0B       		.uleb128 0xb
 1180 00ca 3B       		.uleb128 0x3b
 1181 00cb 0B       		.uleb128 0xb
 1182 00cc 49       		.uleb128 0x49
 1183 00cd 13       		.uleb128 0x13
 1184 00ce 02       		.uleb128 0x2
 1185 00cf 18       		.uleb128 0x18
 1186 00d0 00       		.byte	0
 1187 00d1 00       		.byte	0
 1188 00d2 10       		.uleb128 0x10
 1189 00d3 898201   		.uleb128 0x4109
 1190 00d6 01       		.byte	0x1
 1191 00d7 11       		.uleb128 0x11
 1192 00d8 01       		.uleb128 0x1
 1193 00d9 31       		.uleb128 0x31
 1194 00da 13       		.uleb128 0x13
 1195 00db 01       		.uleb128 0x1
 1196 00dc 13       		.uleb128 0x13
 1197 00dd 00       		.byte	0
 1198 00de 00       		.byte	0
 1199 00df 11       		.uleb128 0x11
 1200 00e0 8A8201   		.uleb128 0x410a
 1201 00e3 00       		.byte	0
 1202 00e4 02       		.uleb128 0x2
 1203 00e5 18       		.uleb128 0x18
 1204 00e6 9142     		.uleb128 0x2111
 1205 00e8 18       		.uleb128 0x18
 1206 00e9 00       		.byte	0
 1207 00ea 00       		.byte	0
 1208 00eb 12       		.uleb128 0x12
 1209 00ec 898201   		.uleb128 0x4109
 1210 00ef 00       		.byte	0
 1211 00f0 11       		.uleb128 0x11
 1212 00f1 01       		.uleb128 0x1
 1213 00f2 31       		.uleb128 0x31
 1214 00f3 13       		.uleb128 0x13
 1215 00f4 00       		.byte	0
 1216 00f5 00       		.byte	0
 1217 00f6 13       		.uleb128 0x13
ARM GAS  C:\Users\Mikael\AppData\Local\Temp\cc7sULrf.s 			page 26


 1218 00f7 898201   		.uleb128 0x4109
 1219 00fa 01       		.byte	0x1
 1220 00fb 11       		.uleb128 0x11
 1221 00fc 01       		.uleb128 0x1
 1222 00fd 31       		.uleb128 0x31
 1223 00fe 13       		.uleb128 0x13
 1224 00ff 00       		.byte	0
 1225 0100 00       		.byte	0
 1226 0101 14       		.uleb128 0x14
 1227 0102 2E       		.uleb128 0x2e
 1228 0103 01       		.byte	0x1
 1229 0104 3F       		.uleb128 0x3f
 1230 0105 19       		.uleb128 0x19
 1231 0106 03       		.uleb128 0x3
 1232 0107 0E       		.uleb128 0xe
 1233 0108 3A       		.uleb128 0x3a
 1234 0109 0B       		.uleb128 0xb
 1235 010a 3B       		.uleb128 0x3b
 1236 010b 0B       		.uleb128 0xb
 1237 010c 27       		.uleb128 0x27
 1238 010d 19       		.uleb128 0x19
 1239 010e 49       		.uleb128 0x49
 1240 010f 13       		.uleb128 0x13
 1241 0110 11       		.uleb128 0x11
 1242 0111 01       		.uleb128 0x1
 1243 0112 12       		.uleb128 0x12
 1244 0113 06       		.uleb128 0x6
 1245 0114 40       		.uleb128 0x40
 1246 0115 18       		.uleb128 0x18
 1247 0116 9742     		.uleb128 0x2117
 1248 0118 19       		.uleb128 0x19
 1249 0119 01       		.uleb128 0x1
 1250 011a 13       		.uleb128 0x13
 1251 011b 00       		.byte	0
 1252 011c 00       		.byte	0
 1253 011d 15       		.uleb128 0x15
 1254 011e 05       		.uleb128 0x5
 1255 011f 00       		.byte	0
 1256 0120 03       		.uleb128 0x3
 1257 0121 0E       		.uleb128 0xe
 1258 0122 3A       		.uleb128 0x3a
 1259 0123 0B       		.uleb128 0xb
 1260 0124 3B       		.uleb128 0x3b
 1261 0125 0B       		.uleb128 0xb
 1262 0126 49       		.uleb128 0x49
 1263 0127 13       		.uleb128 0x13
 1264 0128 02       		.uleb128 0x2
 1265 0129 17       		.uleb128 0x17
 1266 012a 00       		.byte	0
 1267 012b 00       		.byte	0
 1268 012c 16       		.uleb128 0x16
 1269 012d 05       		.uleb128 0x5
 1270 012e 00       		.byte	0
 1271 012f 03       		.uleb128 0x3
 1272 0130 08       		.uleb128 0x8
 1273 0131 3A       		.uleb128 0x3a
 1274 0132 0B       		.uleb128 0xb
ARM GAS  C:\Users\Mikael\AppData\Local\Temp\cc7sULrf.s 			page 27


 1275 0133 3B       		.uleb128 0x3b
 1276 0134 0B       		.uleb128 0xb
 1277 0135 49       		.uleb128 0x49
 1278 0136 13       		.uleb128 0x13
 1279 0137 02       		.uleb128 0x2
 1280 0138 17       		.uleb128 0x17
 1281 0139 00       		.byte	0
 1282 013a 00       		.byte	0
 1283 013b 17       		.uleb128 0x17
 1284 013c 34       		.uleb128 0x34
 1285 013d 00       		.byte	0
 1286 013e 03       		.uleb128 0x3
 1287 013f 0E       		.uleb128 0xe
 1288 0140 3A       		.uleb128 0x3a
 1289 0141 0B       		.uleb128 0xb
 1290 0142 3B       		.uleb128 0x3b
 1291 0143 05       		.uleb128 0x5
 1292 0144 49       		.uleb128 0x49
 1293 0145 13       		.uleb128 0x13
 1294 0146 3F       		.uleb128 0x3f
 1295 0147 19       		.uleb128 0x19
 1296 0148 3C       		.uleb128 0x3c
 1297 0149 19       		.uleb128 0x19
 1298 014a 00       		.byte	0
 1299 014b 00       		.byte	0
 1300 014c 18       		.uleb128 0x18
 1301 014d 35       		.uleb128 0x35
 1302 014e 00       		.byte	0
 1303 014f 49       		.uleb128 0x49
 1304 0150 13       		.uleb128 0x13
 1305 0151 00       		.byte	0
 1306 0152 00       		.byte	0
 1307 0153 19       		.uleb128 0x19
 1308 0154 2E       		.uleb128 0x2e
 1309 0155 01       		.byte	0x1
 1310 0156 3F       		.uleb128 0x3f
 1311 0157 19       		.uleb128 0x19
 1312 0158 03       		.uleb128 0x3
 1313 0159 0E       		.uleb128 0xe
 1314 015a 3A       		.uleb128 0x3a
 1315 015b 0B       		.uleb128 0xb
 1316 015c 3B       		.uleb128 0x3b
 1317 015d 0B       		.uleb128 0xb
 1318 015e 27       		.uleb128 0x27
 1319 015f 19       		.uleb128 0x19
 1320 0160 3C       		.uleb128 0x3c
 1321 0161 19       		.uleb128 0x19
 1322 0162 01       		.uleb128 0x1
 1323 0163 13       		.uleb128 0x13
 1324 0164 00       		.byte	0
 1325 0165 00       		.byte	0
 1326 0166 1A       		.uleb128 0x1a
 1327 0167 05       		.uleb128 0x5
 1328 0168 00       		.byte	0
 1329 0169 49       		.uleb128 0x49
 1330 016a 13       		.uleb128 0x13
 1331 016b 00       		.byte	0
ARM GAS  C:\Users\Mikael\AppData\Local\Temp\cc7sULrf.s 			page 28


 1332 016c 00       		.byte	0
 1333 016d 1B       		.uleb128 0x1b
 1334 016e 2E       		.uleb128 0x2e
 1335 016f 01       		.byte	0x1
 1336 0170 3F       		.uleb128 0x3f
 1337 0171 19       		.uleb128 0x19
 1338 0172 03       		.uleb128 0x3
 1339 0173 0E       		.uleb128 0xe
 1340 0174 3A       		.uleb128 0x3a
 1341 0175 0B       		.uleb128 0xb
 1342 0176 3B       		.uleb128 0x3b
 1343 0177 0B       		.uleb128 0xb
 1344 0178 3C       		.uleb128 0x3c
 1345 0179 19       		.uleb128 0x19
 1346 017a 01       		.uleb128 0x1
 1347 017b 13       		.uleb128 0x13
 1348 017c 00       		.byte	0
 1349 017d 00       		.byte	0
 1350 017e 1C       		.uleb128 0x1c
 1351 017f 18       		.uleb128 0x18
 1352 0180 00       		.byte	0
 1353 0181 00       		.byte	0
 1354 0182 00       		.byte	0
 1355 0183 1D       		.uleb128 0x1d
 1356 0184 2E       		.uleb128 0x2e
 1357 0185 00       		.byte	0
 1358 0186 3F       		.uleb128 0x3f
 1359 0187 19       		.uleb128 0x19
 1360 0188 03       		.uleb128 0x3
 1361 0189 0E       		.uleb128 0xe
 1362 018a 3A       		.uleb128 0x3a
 1363 018b 0B       		.uleb128 0xb
 1364 018c 3B       		.uleb128 0x3b
 1365 018d 0B       		.uleb128 0xb
 1366 018e 27       		.uleb128 0x27
 1367 018f 19       		.uleb128 0x19
 1368 0190 3C       		.uleb128 0x3c
 1369 0191 19       		.uleb128 0x19
 1370 0192 00       		.byte	0
 1371 0193 00       		.byte	0
 1372 0194 1E       		.uleb128 0x1e
 1373 0195 2E       		.uleb128 0x2e
 1374 0196 00       		.byte	0
 1375 0197 3F       		.uleb128 0x3f
 1376 0198 19       		.uleb128 0x19
 1377 0199 03       		.uleb128 0x3
 1378 019a 0E       		.uleb128 0xe
 1379 019b 3A       		.uleb128 0x3a
 1380 019c 0B       		.uleb128 0xb
 1381 019d 3B       		.uleb128 0x3b
 1382 019e 0B       		.uleb128 0xb
 1383 019f 27       		.uleb128 0x27
 1384 01a0 19       		.uleb128 0x19
 1385 01a1 49       		.uleb128 0x49
 1386 01a2 13       		.uleb128 0x13
 1387 01a3 3C       		.uleb128 0x3c
 1388 01a4 19       		.uleb128 0x19
ARM GAS  C:\Users\Mikael\AppData\Local\Temp\cc7sULrf.s 			page 29


 1389 01a5 00       		.byte	0
 1390 01a6 00       		.byte	0
 1391 01a7 00       		.byte	0
 1392              		.section	.debug_loc,"",%progbits
 1393              	.Ldebug_loc0:
 1394              	.LLST0:
 1395 0000 20000000 		.4byte	.LVL4
 1396 0004 26000000 		.4byte	.LVL5
 1397 0008 0200     		.2byte	0x2
 1398 000a 30       		.byte	0x30
 1399 000b 9F       		.byte	0x9f
 1400 000c 26000000 		.4byte	.LVL5
 1401 0010 E8000000 		.4byte	.LVL31
 1402 0014 0100     		.2byte	0x1
 1403 0016 58       		.byte	0x58
 1404 0017 EA000000 		.4byte	.LVL32
 1405 001b 2C010000 		.4byte	.LFE63
 1406 001f 0100     		.2byte	0x1
 1407 0021 58       		.byte	0x58
 1408 0022 00000000 		.4byte	0
 1409 0026 00000000 		.4byte	0
 1410              	.LLST1:
 1411 002a 20000000 		.4byte	.LVL4
 1412 002e 26000000 		.4byte	.LVL5
 1413 0032 0200     		.2byte	0x2
 1414 0034 30       		.byte	0x30
 1415 0035 9F       		.byte	0x9f
 1416 0036 26000000 		.4byte	.LVL5
 1417 003a 2C010000 		.4byte	.LFE63
 1418 003e 0100     		.2byte	0x1
 1419 0040 59       		.byte	0x59
 1420 0041 00000000 		.4byte	0
 1421 0045 00000000 		.4byte	0
 1422              	.LLST2:
 1423 0049 42000000 		.4byte	.LVL9
 1424 004d 7A000000 		.4byte	.LVL18
 1425 0051 0600     		.2byte	0x6
 1426 0053 54       		.byte	0x54
 1427 0054 93       		.byte	0x93
 1428 0055 04       		.uleb128 0x4
 1429 0056 55       		.byte	0x55
 1430 0057 93       		.byte	0x93
 1431 0058 04       		.uleb128 0x4
 1432 0059 00000000 		.4byte	0
 1433 005d 00000000 		.4byte	0
 1434              	.LLST3:
 1435 0061 4E000000 		.4byte	.LVL10
 1436 0065 57000000 		.4byte	.LVL11-1
 1437 0069 0600     		.2byte	0x6
 1438 006b 50       		.byte	0x50
 1439 006c 93       		.byte	0x93
 1440 006d 04       		.uleb128 0x4
 1441 006e 51       		.byte	0x51
 1442 006f 93       		.byte	0x93
 1443 0070 04       		.uleb128 0x4
 1444 0071 00000000 		.4byte	0
 1445 0075 00000000 		.4byte	0
ARM GAS  C:\Users\Mikael\AppData\Local\Temp\cc7sULrf.s 			page 30


 1446              	.LLST4:
 1447 0079 6A000000 		.4byte	.LVL13
 1448 007d 6D000000 		.4byte	.LVL14-1
 1449 0081 0600     		.2byte	0x6
 1450 0083 50       		.byte	0x50
 1451 0084 93       		.byte	0x93
 1452 0085 04       		.uleb128 0x4
 1453 0086 51       		.byte	0x51
 1454 0087 93       		.byte	0x93
 1455 0088 04       		.uleb128 0x4
 1456 0089 00000000 		.4byte	0
 1457 008d 00000000 		.4byte	0
 1458              	.LLST5:
 1459 0091 70000000 		.4byte	.LVL15
 1460 0095 72000000 		.4byte	.LVL16
 1461 0099 0100     		.2byte	0x1
 1462 009b 50       		.byte	0x50
 1463 009c 72000000 		.4byte	.LVL16
 1464 00a0 D4000000 		.4byte	.LVL27
 1465 00a4 0100     		.2byte	0x1
 1466 00a6 55       		.byte	0x55
 1467 00a7 D6000000 		.4byte	.LVL28
 1468 00ab 2C010000 		.4byte	.LFE63
 1469 00af 0100     		.2byte	0x1
 1470 00b1 55       		.byte	0x55
 1471 00b2 00000000 		.4byte	0
 1472 00b6 00000000 		.4byte	0
 1473              	.LLST6:
 1474 00ba 7A000000 		.4byte	.LVL18
 1475 00be 9B000000 		.4byte	.LVL19-1
 1476 00c2 0100     		.2byte	0x1
 1477 00c4 50       		.byte	0x50
 1478 00c5 9B000000 		.4byte	.LVL19-1
 1479 00c9 A6000000 		.4byte	.LVL22
 1480 00cd 0100     		.2byte	0x1
 1481 00cf 54       		.byte	0x54
 1482 00d0 A6000000 		.4byte	.LVL22
 1483 00d4 AF000000 		.4byte	.LVL23-1
 1484 00d8 0100     		.2byte	0x1
 1485 00da 50       		.byte	0x50
 1486 00db AF000000 		.4byte	.LVL23-1
 1487 00df E2000000 		.4byte	.LVL29
 1488 00e3 0100     		.2byte	0x1
 1489 00e5 54       		.byte	0x54
 1490 00e6 E4000000 		.4byte	.LVL30
 1491 00ea F4000000 		.4byte	.LVL34
 1492 00ee 0100     		.2byte	0x1
 1493 00f0 54       		.byte	0x54
 1494 00f1 F6000000 		.4byte	.LVL35
 1495 00f5 2C010000 		.4byte	.LFE63
 1496 00f9 0100     		.2byte	0x1
 1497 00fb 54       		.byte	0x54
 1498 00fc 00000000 		.4byte	0
 1499 0100 00000000 		.4byte	0
 1500              	.LLST7:
 1501 0104 00000000 		.4byte	.LVL41
 1502 0108 0A000000 		.4byte	.LVL43
ARM GAS  C:\Users\Mikael\AppData\Local\Temp\cc7sULrf.s 			page 31


 1503 010c 0100     		.2byte	0x1
 1504 010e 50       		.byte	0x50
 1505 010f 0A000000 		.4byte	.LVL43
 1506 0113 2A000000 		.4byte	.LFE64
 1507 0117 0400     		.2byte	0x4
 1508 0119 F3       		.byte	0xf3
 1509 011a 01       		.uleb128 0x1
 1510 011b 50       		.byte	0x50
 1511 011c 9F       		.byte	0x9f
 1512 011d 00000000 		.4byte	0
 1513 0121 00000000 		.4byte	0
 1514              	.LLST8:
 1515 0125 00000000 		.4byte	.LVL41
 1516 0129 0A000000 		.4byte	.LVL43
 1517 012d 0100     		.2byte	0x1
 1518 012f 51       		.byte	0x51
 1519 0130 0A000000 		.4byte	.LVL43
 1520 0134 18000000 		.4byte	.LVL45
 1521 0138 0100     		.2byte	0x1
 1522 013a 54       		.byte	0x54
 1523 013b 18000000 		.4byte	.LVL45
 1524 013f 22000000 		.4byte	.LVL48
 1525 0143 0100     		.2byte	0x1
 1526 0145 56       		.byte	0x56
 1527 0146 22000000 		.4byte	.LVL48
 1528 014a 2A000000 		.4byte	.LFE64
 1529 014e 0100     		.2byte	0x1
 1530 0150 54       		.byte	0x54
 1531 0151 00000000 		.4byte	0
 1532 0155 00000000 		.4byte	0
 1533              	.LLST9:
 1534 0159 00000000 		.4byte	.LVL41
 1535 015d 0A000000 		.4byte	.LVL43
 1536 0161 0100     		.2byte	0x1
 1537 0163 52       		.byte	0x52
 1538 0164 0A000000 		.4byte	.LVL43
 1539 0168 2A000000 		.4byte	.LFE64
 1540 016c 0100     		.2byte	0x1
 1541 016e 57       		.byte	0x57
 1542 016f 00000000 		.4byte	0
 1543 0173 00000000 		.4byte	0
 1544              	.LLST10:
 1545 0177 06000000 		.4byte	.LVL42
 1546 017b 0A000000 		.4byte	.LVL43
 1547 017f 0200     		.2byte	0x2
 1548 0181 30       		.byte	0x30
 1549 0182 9F       		.byte	0x9f
 1550 0183 0A000000 		.4byte	.LVL43
 1551 0187 2A000000 		.4byte	.LFE64
 1552 018b 0100     		.2byte	0x1
 1553 018d 55       		.byte	0x55
 1554 018e 00000000 		.4byte	0
 1555 0192 00000000 		.4byte	0
 1556              	.LLST11:
 1557 0196 00000000 		.4byte	.LVL49
 1558 019a 0A000000 		.4byte	.LVL51
 1559 019e 0100     		.2byte	0x1
ARM GAS  C:\Users\Mikael\AppData\Local\Temp\cc7sULrf.s 			page 32


 1560 01a0 50       		.byte	0x50
 1561 01a1 0A000000 		.4byte	.LVL51
 1562 01a5 38000000 		.4byte	.LFE65
 1563 01a9 0400     		.2byte	0x4
 1564 01ab F3       		.byte	0xf3
 1565 01ac 01       		.uleb128 0x1
 1566 01ad 50       		.byte	0x50
 1567 01ae 9F       		.byte	0x9f
 1568 01af 00000000 		.4byte	0
 1569 01b3 00000000 		.4byte	0
 1570              	.LLST12:
 1571 01b7 00000000 		.4byte	.LVL49
 1572 01bb 0A000000 		.4byte	.LVL51
 1573 01bf 0100     		.2byte	0x1
 1574 01c1 51       		.byte	0x51
 1575 01c2 0A000000 		.4byte	.LVL51
 1576 01c6 26000000 		.4byte	.LVL58
 1577 01ca 0100     		.2byte	0x1
 1578 01cc 57       		.byte	0x57
 1579 01cd 26000000 		.4byte	.LVL58
 1580 01d1 30000000 		.4byte	.LVL60
 1581 01d5 0100     		.2byte	0x1
 1582 01d7 53       		.byte	0x53
 1583 01d8 30000000 		.4byte	.LVL60
 1584 01dc 34000000 		.4byte	.LVL61
 1585 01e0 0100     		.2byte	0x1
 1586 01e2 57       		.byte	0x57
 1587 01e3 00000000 		.4byte	0
 1588 01e7 00000000 		.4byte	0
 1589              	.LLST13:
 1590 01eb 00000000 		.4byte	.LVL49
 1591 01ef 0A000000 		.4byte	.LVL51
 1592 01f3 0100     		.2byte	0x1
 1593 01f5 52       		.byte	0x52
 1594 01f6 0A000000 		.4byte	.LVL51
 1595 01fa 38000000 		.4byte	.LFE65
 1596 01fe 0100     		.2byte	0x1
 1597 0200 54       		.byte	0x54
 1598 0201 00000000 		.4byte	0
 1599 0205 00000000 		.4byte	0
 1600              	.LLST14:
 1601 0209 06000000 		.4byte	.LVL50
 1602 020d 0A000000 		.4byte	.LVL51
 1603 0211 0200     		.2byte	0x2
 1604 0213 30       		.byte	0x30
 1605 0214 9F       		.byte	0x9f
 1606 0215 0A000000 		.4byte	.LVL51
 1607 0219 38000000 		.4byte	.LFE65
 1608 021d 0100     		.2byte	0x1
 1609 021f 56       		.byte	0x56
 1610 0220 00000000 		.4byte	0
 1611 0224 00000000 		.4byte	0
 1612              	.LLST15:
 1613 0228 0E000000 		.4byte	.LVL52
 1614 022c 15000000 		.4byte	.LVL53-1
 1615 0230 0100     		.2byte	0x1
 1616 0232 50       		.byte	0x50
ARM GAS  C:\Users\Mikael\AppData\Local\Temp\cc7sULrf.s 			page 33


 1617 0233 1C000000 		.4byte	.LVL55
 1618 0237 24000000 		.4byte	.LVL57
 1619 023b 0200     		.2byte	0x2
 1620 023d 3A       		.byte	0x3a
 1621 023e 9F       		.byte	0x9f
 1622 023f 24000000 		.4byte	.LVL57
 1623 0243 30000000 		.4byte	.LVL60
 1624 0247 0100     		.2byte	0x1
 1625 0249 55       		.byte	0x55
 1626 024a 00000000 		.4byte	0
 1627 024e 00000000 		.4byte	0
 1628              		.section	.debug_aranges,"",%progbits
 1629 0000 2C000000 		.4byte	0x2c
 1630 0004 0200     		.2byte	0x2
 1631 0006 00000000 		.4byte	.Ldebug_info0
 1632 000a 04       		.byte	0x4
 1633 000b 00       		.byte	0
 1634 000c 0000     		.2byte	0
 1635 000e 0000     		.2byte	0
 1636 0010 00000000 		.4byte	.LFB63
 1637 0014 2C010000 		.4byte	.LFE63-.LFB63
 1638 0018 00000000 		.4byte	.LFB64
 1639 001c 2A000000 		.4byte	.LFE64-.LFB64
 1640 0020 00000000 		.4byte	.LFB65
 1641 0024 38000000 		.4byte	.LFE65-.LFB65
 1642 0028 00000000 		.4byte	0
 1643 002c 00000000 		.4byte	0
 1644              		.section	.debug_ranges,"",%progbits
 1645              	.Ldebug_ranges0:
 1646 0000 00000000 		.4byte	.LFB63
 1647 0004 2C010000 		.4byte	.LFE63
 1648 0008 00000000 		.4byte	.LFB64
 1649 000c 2A000000 		.4byte	.LFE64
 1650 0010 00000000 		.4byte	.LFB65
 1651 0014 38000000 		.4byte	.LFE65
 1652 0018 00000000 		.4byte	0
 1653 001c 00000000 		.4byte	0
 1654              		.section	.debug_line,"",%progbits
 1655              	.Ldebug_line0:
 1656 0000 61020000 		.section	.debug_str,"MS",%progbits,1
 1656      0200AC01 
 1656      00000201 
 1656      FB0E0D00 
 1656      01010101 
 1657              	.LASF50:
 1658 0000 55415254 		.ascii	"UART_1_GetChar\000"
 1658      5F315F47 
 1658      65744368 
 1658      617200
 1659              	.LASF34:
 1660 000f 6D6F746F 		.ascii	"motor_stop\000"
 1660      725F7374 
 1660      6F7000
 1661              	.LASF2:
 1662 001a 73686F72 		.ascii	"short int\000"
 1662      7420696E 
 1662      7400
ARM GAS  C:\Users\Mikael\AppData\Local\Temp\cc7sULrf.s 			page 34


 1663              	.LASF19:
 1664 0024 73697A65 		.ascii	"sizetype\000"
 1664      74797065 
 1664      00
 1665              	.LASF23:
 1666 002d 696E6672 		.ascii	"infraL\000"
 1666      614C00
 1667              	.LASF22:
 1668 0034 696E6672 		.ascii	"infraR\000"
 1668      615200
 1669              	.LASF48:
 1670 003b 6D61696E 		.ascii	"main\000"
 1670      00
 1671              	.LASF29:
 1672 0040 5F777269 		.ascii	"_write\000"
 1672      746500
 1673              	.LASF4:
 1674 0047 5F5F7569 		.ascii	"__uint16_t\000"
 1674      6E743136 
 1674      5F7400
 1675              	.LASF28:
 1676 0052 66696C65 		.ascii	"file\000"
 1676      00
 1677              	.LASF47:
 1678 0057 73656E73 		.ascii	"sensors_\000"
 1678      6F72735F 
 1678      00
 1679              	.LASF27:
 1680 0060 72696768 		.ascii	"rightMotor\000"
 1680      744D6F74 
 1680      6F7200
 1681              	.LASF13:
 1682 006b 75696E74 		.ascii	"uint8\000"
 1682      3800
 1683              	.LASF41:
 1684 0071 7265666C 		.ascii	"reflectance_start\000"
 1684      65637461 
 1684      6E63655F 
 1684      73746172 
 1684      7400
 1685              	.LASF40:
 1686 0083 55415254 		.ascii	"UART_1_Start\000"
 1686      5F315F53 
 1686      74617274 
 1686      00
 1687              	.LASF43:
 1688 0090 55415254 		.ascii	"UART_1_PutChar\000"
 1688      5F315F50 
 1688      75744368 
 1688      617200
 1689              	.LASF15:
 1690 009f 666C6F61 		.ascii	"float\000"
 1690      7400
 1691              	.LASF8:
 1692 00a5 6C6F6E67 		.ascii	"long long int\000"
 1692      206C6F6E 
 1692      6720696E 
ARM GAS  C:\Users\Mikael\AppData\Local\Temp\cc7sULrf.s 			page 35


 1692      7400
 1693              	.LASF46:
 1694 00b3 433A5C55 		.ascii	"C:\\Users\\Mikael\\Documents\\PSoC Creator\\robotti"
 1694      73657273 
 1694      5C4D696B 
 1694      61656C5C 
 1694      446F6375 
 1695 00e1 5C5A756D 		.ascii	"\\ZumoBot.cydsn\000"
 1695      6F426F74 
 1695      2E637964 
 1695      736E00
 1696              	.LASF33:
 1697 00f0 7265666C 		.ascii	"reflectance_digital\000"
 1697      65637461 
 1697      6E63655F 
 1697      64696769 
 1697      74616C00 
 1698              	.LASF24:
 1699 0104 72696768 		.ascii	"rightMotorRaw\000"
 1699      744D6F74 
 1699      6F725261 
 1699      7700
 1700              	.LASF6:
 1701 0112 6C6F6E67 		.ascii	"long int\000"
 1701      20696E74 
 1701      00
 1702              	.LASF26:
 1703 011b 6C656674 		.ascii	"leftMotor\000"
 1703      4D6F746F 
 1703      7200
 1704              	.LASF1:
 1705 0125 756E7369 		.ascii	"unsigned char\000"
 1705      676E6564 
 1705      20636861 
 1705      7200
 1706              	.LASF20:
 1707 0133 6C6F6E67 		.ascii	"long double\000"
 1707      20646F75 
 1707      626C6500 
 1708              	.LASF38:
 1709 013f 6D6F746F 		.ascii	"motor_turn\000"
 1709      725F7475 
 1709      726E00
 1710              	.LASF18:
 1711 014a 63796973 		.ascii	"cyisraddress\000"
 1711      72616464 
 1711      72657373 
 1711      00
 1712              	.LASF21:
 1713 0157 77686963 		.ascii	"whichmotor\000"
 1713      686D6F74 
 1713      6F7200
 1714              	.LASF30:
 1715 0162 5F726561 		.ascii	"_read\000"
 1715      6400
 1716              	.LASF0:
 1717 0168 7369676E 		.ascii	"signed char\000"
ARM GAS  C:\Users\Mikael\AppData\Local\Temp\cc7sULrf.s 			page 36


 1717      65642063 
 1717      68617200 
 1718              	.LASF9:
 1719 0174 6C6F6E67 		.ascii	"long long unsigned int\000"
 1719      206C6F6E 
 1719      6720756E 
 1719      7369676E 
 1719      65642069 
 1720              	.LASF10:
 1721 018b 756E7369 		.ascii	"unsigned int\000"
 1721      676E6564 
 1721      20696E74 
 1721      00
 1722              	.LASF11:
 1723 0198 75696E74 		.ascii	"uint16_t\000"
 1723      31365F74 
 1723      00
 1724              	.LASF25:
 1725 01a1 6C656674 		.ascii	"leftMotorRaw\000"
 1725      4D6F746F 
 1725      72526177 
 1725      00
 1726              	.LASF3:
 1727 01ae 73686F72 		.ascii	"short unsigned int\000"
 1727      7420756E 
 1727      7369676E 
 1727      65642069 
 1727      6E7400
 1728              	.LASF17:
 1729 01c1 63686172 		.ascii	"char\000"
 1729      00
 1730              	.LASF44:
 1731 01c6 474E5520 		.ascii	"GNU C 4.9.3 20150303 (release) [ARM/embedded-4_9-br"
 1731      4320342E 
 1731      392E3320 
 1731      32303135 
 1731      30333033 
 1732 01f9 616E6368 		.ascii	"anch revision 221220] -mcpu=cortex-m3 -mthumb -g -O"
 1732      20726576 
 1732      6973696F 
 1732      6E203232 
 1732      31323230 
 1733 022c 67202D66 		.ascii	"g -ffunction-sections -ffat-lto-objects\000"
 1733      66756E63 
 1733      74696F6E 
 1733      2D736563 
 1733      74696F6E 
 1734              	.LASF12:
 1735 0254 696E7433 		.ascii	"int32_t\000"
 1735      325F7400 
 1736              	.LASF14:
 1737 025c 75696E74 		.ascii	"uint32\000"
 1737      333200
 1738              	.LASF45:
 1739 0263 6D61696E 		.ascii	"main.c\000"
 1739      2E6300
 1740              	.LASF7:
ARM GAS  C:\Users\Mikael\AppData\Local\Temp\cc7sULrf.s 			page 37


 1741 026a 6C6F6E67 		.ascii	"long unsigned int\000"
 1741      20756E73 
 1741      69676E65 
 1741      6420696E 
 1741      7400
 1742              	.LASF39:
 1743 027c 73656E73 		.ascii	"sensor_isr_StartEx\000"
 1743      6F725F69 
 1743      73725F53 
 1743      74617274 
 1743      457800
 1744              	.LASF36:
 1745 028f 6D6F746F 		.ascii	"motor_start\000"
 1745      725F7374 
 1745      61727400 
 1746              	.LASF35:
 1747 029b 77616974 		.ascii	"wait_going_down\000"
 1747      5F676F69 
 1747      6E675F64 
 1747      6F776E00 
 1748              	.LASF31:
 1749 02ab 636F756E 		.ascii	"count\000"
 1749      7400
 1750              	.LASF5:
 1751 02b1 5F5F696E 		.ascii	"__int32_t\000"
 1751      7433325F 
 1751      7400
 1752              	.LASF32:
 1753 02bb 7265666C 		.ascii	"reflectance_read\000"
 1753      65637461 
 1753      6E63655F 
 1753      72656164 
 1753      00
 1754              	.LASF16:
 1755 02cc 646F7562 		.ascii	"double\000"
 1755      6C6500
 1756              	.LASF49:
 1757 02d3 49544D5F 		.ascii	"ITM_RxBuffer\000"
 1757      52784275 
 1757      66666572 
 1757      00
 1758              	.LASF37:
 1759 02e0 43794465 		.ascii	"CyDelay\000"
 1759      6C617900 
 1760              	.LASF42:
 1761 02e8 49525F6C 		.ascii	"IR_led_Write\000"
 1761      65645F57 
 1761      72697465 
 1761      00
 1762              		.ident	"GCC: (GNU Tools for ARM Embedded Processors) 4.9.3 20150303 (release) [ARM/embedded-4_9-br
