ARM GAS  C:\Users\roba420\AppData\Local\Temp\ccJ5W1jL.s 			page 1


   1              		.syntax unified
   2              		.cpu cortex-m3
   3              		.fpu softvfp
   4              		.eabi_attribute 20, 1
   5              		.eabi_attribute 21, 1
   6              		.eabi_attribute 23, 3
   7              		.eabi_attribute 24, 1
   8              		.eabi_attribute 25, 1
   9              		.eabi_attribute 26, 1
  10              		.eabi_attribute 30, 1
  11              		.eabi_attribute 34, 1
  12              		.eabi_attribute 18, 4
  13              		.thumb
  14              		.file	"Motor.c"
  15              		.text
  16              	.Ltext0:
  17              		.cfi_sections	.debug_frame
  18              		.section	.text.motor_start,"ax",%progbits
  19              		.align	2
  20              		.global	motor_start
  21              		.thumb
  22              		.thumb_func
  23              		.type	motor_start, %function
  24              	motor_start:
  25              	.LFB63:
  26              		.file 1 "ZumoLibrary\\Motor.c"
   1:ZumoLibrary/Motor.c **** /**
   2:ZumoLibrary/Motor.c ****  * @file    Motor.c
   3:ZumoLibrary/Motor.c ****  * @brief   Basic methods for operating motor sensor. For more details, please refer to Motor.h fil
   4:ZumoLibrary/Motor.c ****  * @details included in Zumo shield
   5:ZumoLibrary/Motor.c **** */
   6:ZumoLibrary/Motor.c **** #include "Motor.h"
   7:ZumoLibrary/Motor.c **** 
   8:ZumoLibrary/Motor.c **** 
   9:ZumoLibrary/Motor.c **** /**
  10:ZumoLibrary/Motor.c **** * @brief    Starting motor sensors
  11:ZumoLibrary/Motor.c **** * @details  
  12:ZumoLibrary/Motor.c **** */
  13:ZumoLibrary/Motor.c **** void motor_start()
  14:ZumoLibrary/Motor.c **** {
  27              		.loc 1 14 0
  28              		.cfi_startproc
  29              		@ args = 0, pretend = 0, frame = 0
  30              		@ frame_needed = 0, uses_anonymous_args = 0
  31 0000 08B5     		push	{r3, lr}
  32              		.cfi_def_cfa_offset 8
  33              		.cfi_offset 3, -8
  34              		.cfi_offset 14, -4
  15:ZumoLibrary/Motor.c ****     PWM_Start();
  35              		.loc 1 15 0
  36 0002 FFF7FEFF 		bl	PWM_Start
  37              	.LVL0:
  38 0006 08BD     		pop	{r3, pc}
  39              		.cfi_endproc
  40              	.LFE63:
  41              		.size	motor_start, .-motor_start
  42              		.section	.text.motor_stop,"ax",%progbits
ARM GAS  C:\Users\roba420\AppData\Local\Temp\ccJ5W1jL.s 			page 2


  43              		.align	2
  44              		.global	motor_stop
  45              		.thumb
  46              		.thumb_func
  47              		.type	motor_stop, %function
  48              	motor_stop:
  49              	.LFB64:
  16:ZumoLibrary/Motor.c **** }
  17:ZumoLibrary/Motor.c **** 
  18:ZumoLibrary/Motor.c **** 
  19:ZumoLibrary/Motor.c **** /**
  20:ZumoLibrary/Motor.c **** * @brief    Stopping motor sensors
  21:ZumoLibrary/Motor.c **** * @details
  22:ZumoLibrary/Motor.c **** */
  23:ZumoLibrary/Motor.c **** void motor_stop()
  24:ZumoLibrary/Motor.c **** {
  50              		.loc 1 24 0
  51              		.cfi_startproc
  52              		@ args = 0, pretend = 0, frame = 0
  53              		@ frame_needed = 0, uses_anonymous_args = 0
  54 0000 08B5     		push	{r3, lr}
  55              		.cfi_def_cfa_offset 8
  56              		.cfi_offset 3, -8
  57              		.cfi_offset 14, -4
  25:ZumoLibrary/Motor.c ****     PWM_Stop();
  58              		.loc 1 25 0
  59 0002 FFF7FEFF 		bl	PWM_Stop
  60              	.LVL1:
  61 0006 08BD     		pop	{r3, pc}
  62              		.cfi_endproc
  63              	.LFE64:
  64              		.size	motor_stop, .-motor_stop
  65              		.section	.text.motor_forward,"ax",%progbits
  66              		.align	2
  67              		.global	motor_forward
  68              		.thumb
  69              		.thumb_func
  70              		.type	motor_forward, %function
  71              	motor_forward:
  72              	.LFB65:
  26:ZumoLibrary/Motor.c **** }
  27:ZumoLibrary/Motor.c **** 
  28:ZumoLibrary/Motor.c **** 
  29:ZumoLibrary/Motor.c **** /**
  30:ZumoLibrary/Motor.c **** * @brief    Moving motors forward
  31:ZumoLibrary/Motor.c **** * @details  giveing same speed to each side of PWM to make motors go forward
  32:ZumoLibrary/Motor.c **** * @param    uint8 speed : speed value
  33:ZumoLibrary/Motor.c **** * @param    uint32 delay : delay time
  34:ZumoLibrary/Motor.c **** */
  35:ZumoLibrary/Motor.c **** void motor_forward(uint8 speed,uint32 delay)
  36:ZumoLibrary/Motor.c **** {
  73              		.loc 1 36 0
  74              		.cfi_startproc
  75              		@ args = 0, pretend = 0, frame = 0
  76              		@ frame_needed = 0, uses_anonymous_args = 0
  77              	.LVL2:
  78 0000 38B5     		push	{r3, r4, r5, lr}
ARM GAS  C:\Users\roba420\AppData\Local\Temp\ccJ5W1jL.s 			page 3


  79              		.cfi_def_cfa_offset 16
  80              		.cfi_offset 3, -16
  81              		.cfi_offset 4, -12
  82              		.cfi_offset 5, -8
  83              		.cfi_offset 14, -4
  84 0002 0446     		mov	r4, r0
  85 0004 0D46     		mov	r5, r1
  37:ZumoLibrary/Motor.c ****     MotorDirLeft_Write(0);      // set LeftMotor forward mode
  86              		.loc 1 37 0
  87 0006 0020     		movs	r0, #0
  88              	.LVL3:
  89 0008 FFF7FEFF 		bl	MotorDirLeft_Write
  90              	.LVL4:
  38:ZumoLibrary/Motor.c ****     MotorDirRight_Write(0);     // set RightMotor forward mode
  91              		.loc 1 38 0
  92 000c 0020     		movs	r0, #0
  93 000e FFF7FEFF 		bl	MotorDirRight_Write
  94              	.LVL5:
  39:ZumoLibrary/Motor.c ****     PWM_WriteCompare1(speed); 
  95              		.loc 1 39 0
  96 0012 2046     		mov	r0, r4
  97 0014 FFF7FEFF 		bl	PWM_WriteCompare1
  98              	.LVL6:
  40:ZumoLibrary/Motor.c ****     PWM_WriteCompare2(speed); 
  99              		.loc 1 40 0
 100 0018 2046     		mov	r0, r4
 101 001a FFF7FEFF 		bl	PWM_WriteCompare2
 102              	.LVL7:
  41:ZumoLibrary/Motor.c ****     CyDelay(delay);
 103              		.loc 1 41 0
 104 001e 2846     		mov	r0, r5
 105 0020 FFF7FEFF 		bl	CyDelay
 106              	.LVL8:
 107 0024 38BD     		pop	{r3, r4, r5, pc}
 108              		.cfi_endproc
 109              	.LFE65:
 110              		.size	motor_forward, .-motor_forward
 111 0026 00BF     		.section	.text.motor_turn,"ax",%progbits
 112              		.align	2
 113              		.global	motor_turn
 114              		.thumb
 115              		.thumb_func
 116              		.type	motor_turn, %function
 117              	motor_turn:
 118              	.LFB66:
  42:ZumoLibrary/Motor.c **** }
  43:ZumoLibrary/Motor.c **** 
  44:ZumoLibrary/Motor.c **** 
  45:ZumoLibrary/Motor.c **** /**
  46:ZumoLibrary/Motor.c **** * @brief    Moving motors to make a turn 
  47:ZumoLibrary/Motor.c **** * @details  moving left when l_speed < r_speed or moving right when l_speed > r_speed
  48:ZumoLibrary/Motor.c **** * @param    uint8 l_speed : left motor speed value
  49:ZumoLibrary/Motor.c **** * @param    uint8 r_speed : right motor speed value
  50:ZumoLibrary/Motor.c **** * @param    uint32 delay : delay time
  51:ZumoLibrary/Motor.c **** */
  52:ZumoLibrary/Motor.c **** void motor_turn(uint8 l_speed, uint8 r_speed, uint32 delay)
  53:ZumoLibrary/Motor.c **** {
ARM GAS  C:\Users\roba420\AppData\Local\Temp\ccJ5W1jL.s 			page 4


 119              		.loc 1 53 0
 120              		.cfi_startproc
 121              		@ args = 0, pretend = 0, frame = 0
 122              		@ frame_needed = 0, uses_anonymous_args = 0
 123              	.LVL9:
 124 0000 38B5     		push	{r3, r4, r5, lr}
 125              		.cfi_def_cfa_offset 16
 126              		.cfi_offset 3, -16
 127              		.cfi_offset 4, -12
 128              		.cfi_offset 5, -8
 129              		.cfi_offset 14, -4
 130 0002 0D46     		mov	r5, r1
 131 0004 1446     		mov	r4, r2
  54:ZumoLibrary/Motor.c ****     PWM_WriteCompare1(l_speed); 
 132              		.loc 1 54 0
 133 0006 FFF7FEFF 		bl	PWM_WriteCompare1
 134              	.LVL10:
  55:ZumoLibrary/Motor.c ****     PWM_WriteCompare2(r_speed); 
 135              		.loc 1 55 0
 136 000a 2846     		mov	r0, r5
 137 000c FFF7FEFF 		bl	PWM_WriteCompare2
 138              	.LVL11:
  56:ZumoLibrary/Motor.c ****     CyDelay(delay);
 139              		.loc 1 56 0
 140 0010 2046     		mov	r0, r4
 141 0012 FFF7FEFF 		bl	CyDelay
 142              	.LVL12:
 143 0016 38BD     		pop	{r3, r4, r5, pc}
 144              		.cfi_endproc
 145              	.LFE66:
 146              		.size	motor_turn, .-motor_turn
 147              		.section	.text.motor_drive,"ax",%progbits
 148              		.align	2
 149              		.global	motor_drive
 150              		.thumb
 151              		.thumb_func
 152              		.type	motor_drive, %function
 153              	motor_drive:
 154              	.LFB67:
  57:ZumoLibrary/Motor.c **** }
  58:ZumoLibrary/Motor.c **** 
  59:ZumoLibrary/Motor.c **** void motor_drive(uint8 l_speed, uint8 r_speed, uint32 delay)
  60:ZumoLibrary/Motor.c **** {
 155              		.loc 1 60 0
 156              		.cfi_startproc
 157              		@ args = 0, pretend = 0, frame = 0
 158              		@ frame_needed = 0, uses_anonymous_args = 0
 159              	.LVL13:
 160 0000 70B5     		push	{r4, r5, r6, lr}
 161              		.cfi_def_cfa_offset 16
 162              		.cfi_offset 4, -16
 163              		.cfi_offset 5, -12
 164              		.cfi_offset 6, -8
 165              		.cfi_offset 14, -4
 166 0002 0646     		mov	r6, r0
 167 0004 0D46     		mov	r5, r1
 168 0006 1446     		mov	r4, r2
ARM GAS  C:\Users\roba420\AppData\Local\Temp\ccJ5W1jL.s 			page 5


  61:ZumoLibrary/Motor.c ****     if (l_speed >= 0 && r_speed >= 0) {
  62:ZumoLibrary/Motor.c ****         MotorDirLeft_Write(0);      // set LeftMotor forward mode
 169              		.loc 1 62 0
 170 0008 0020     		movs	r0, #0
 171              	.LVL14:
 172 000a FFF7FEFF 		bl	MotorDirLeft_Write
 173              	.LVL15:
  63:ZumoLibrary/Motor.c ****         MotorDirRight_Write(0);     // set RightMotor forward mode
 174              		.loc 1 63 0
 175 000e 0020     		movs	r0, #0
 176 0010 FFF7FEFF 		bl	MotorDirRight_Write
 177              	.LVL16:
  64:ZumoLibrary/Motor.c ****         
  65:ZumoLibrary/Motor.c ****         PWM_WriteCompare1(l_speed); 
 178              		.loc 1 65 0
 179 0014 3046     		mov	r0, r6
 180 0016 FFF7FEFF 		bl	PWM_WriteCompare1
 181              	.LVL17:
  66:ZumoLibrary/Motor.c ****         PWM_WriteCompare2(r_speed); 
 182              		.loc 1 66 0
 183 001a 2846     		mov	r0, r5
 184 001c FFF7FEFF 		bl	PWM_WriteCompare2
 185              	.LVL18:
  67:ZumoLibrary/Motor.c ****         CyDelay(delay);
 186              		.loc 1 67 0
 187 0020 2046     		mov	r0, r4
 188 0022 FFF7FEFF 		bl	CyDelay
 189              	.LVL19:
 190 0026 70BD     		pop	{r4, r5, r6, pc}
 191              		.cfi_endproc
 192              	.LFE67:
 193              		.size	motor_drive, .-motor_drive
 194              		.section	.text.motor_backward,"ax",%progbits
 195              		.align	2
 196              		.global	motor_backward
 197              		.thumb
 198              		.thumb_func
 199              		.type	motor_backward, %function
 200              	motor_backward:
 201              	.LFB68:
  68:ZumoLibrary/Motor.c ****         
  69:ZumoLibrary/Motor.c ****         
  70:ZumoLibrary/Motor.c ****     } else if (l_speed < 0 && r_speed >= 0){
  71:ZumoLibrary/Motor.c ****         MotorDirLeft_Write(1);      // set LeftMotor backward mode
  72:ZumoLibrary/Motor.c ****         MotorDirRight_Write(0);     // set RightMotor forward mode
  73:ZumoLibrary/Motor.c ****         
  74:ZumoLibrary/Motor.c ****         l_speed = l_speed*-1;
  75:ZumoLibrary/Motor.c ****         PWM_WriteCompare1(l_speed); 
  76:ZumoLibrary/Motor.c ****         PWM_WriteCompare2(r_speed); 
  77:ZumoLibrary/Motor.c ****         CyDelay(delay);
  78:ZumoLibrary/Motor.c ****         
  79:ZumoLibrary/Motor.c ****         
  80:ZumoLibrary/Motor.c ****     } else if (l_speed >= 0 && r_speed < 0){
  81:ZumoLibrary/Motor.c ****         MotorDirRight_Write(1);     // set RightMotor backward mode
  82:ZumoLibrary/Motor.c ****         MotorDirLeft_Write(0);      // set LeftMotor forward mode
  83:ZumoLibrary/Motor.c ****         
  84:ZumoLibrary/Motor.c ****         r_speed = r_speed*-1;
ARM GAS  C:\Users\roba420\AppData\Local\Temp\ccJ5W1jL.s 			page 6


  85:ZumoLibrary/Motor.c ****         PWM_WriteCompare1(l_speed); 
  86:ZumoLibrary/Motor.c ****         PWM_WriteCompare2(r_speed);
  87:ZumoLibrary/Motor.c ****         
  88:ZumoLibrary/Motor.c ****         
  89:ZumoLibrary/Motor.c ****     } else if (l_speed < 0 && r_speed < 0){
  90:ZumoLibrary/Motor.c ****         MotorDirRight_Write(1);     // set RightMotor backward mode
  91:ZumoLibrary/Motor.c ****         MotorDirLeft_Write(1);      // set LeftMotor backward mode
  92:ZumoLibrary/Motor.c ****         
  93:ZumoLibrary/Motor.c ****         r_speed = r_speed*-1;
  94:ZumoLibrary/Motor.c ****         l_speed = l_speed*-1;
  95:ZumoLibrary/Motor.c ****         PWM_WriteCompare1(l_speed); 
  96:ZumoLibrary/Motor.c ****         PWM_WriteCompare2(r_speed);
  97:ZumoLibrary/Motor.c ****     }
  98:ZumoLibrary/Motor.c **** }
  99:ZumoLibrary/Motor.c **** 
 100:ZumoLibrary/Motor.c **** 
 101:ZumoLibrary/Motor.c **** /**
 102:ZumoLibrary/Motor.c **** * @brief    Moving motors backward
 103:ZumoLibrary/Motor.c **** * @details  setting backward mode to each motors and gives same speed to each side of PWM
 104:ZumoLibrary/Motor.c **** * @param    uint8 speed : speed value
 105:ZumoLibrary/Motor.c **** * @param    uint32 delay : delay time
 106:ZumoLibrary/Motor.c **** */
 107:ZumoLibrary/Motor.c **** void motor_backward(uint8 speed,uint32 delay)
 108:ZumoLibrary/Motor.c **** {
 202              		.loc 1 108 0
 203              		.cfi_startproc
 204              		@ args = 0, pretend = 0, frame = 0
 205              		@ frame_needed = 0, uses_anonymous_args = 0
 206              	.LVL20:
 207 0000 38B5     		push	{r3, r4, r5, lr}
 208              		.cfi_def_cfa_offset 16
 209              		.cfi_offset 3, -16
 210              		.cfi_offset 4, -12
 211              		.cfi_offset 5, -8
 212              		.cfi_offset 14, -4
 213 0002 0446     		mov	r4, r0
 214 0004 0D46     		mov	r5, r1
 109:ZumoLibrary/Motor.c ****     MotorDirLeft_Write(1);      // set LeftMotor backward mode
 215              		.loc 1 109 0
 216 0006 0120     		movs	r0, #1
 217              	.LVL21:
 218 0008 FFF7FEFF 		bl	MotorDirLeft_Write
 219              	.LVL22:
 110:ZumoLibrary/Motor.c ****     MotorDirRight_Write(1);     // set RightMotor backward mode
 220              		.loc 1 110 0
 221 000c 0120     		movs	r0, #1
 222 000e FFF7FEFF 		bl	MotorDirRight_Write
 223              	.LVL23:
 111:ZumoLibrary/Motor.c ****     PWM_WriteCompare1(speed); 
 224              		.loc 1 111 0
 225 0012 2046     		mov	r0, r4
 226 0014 FFF7FEFF 		bl	PWM_WriteCompare1
 227              	.LVL24:
 112:ZumoLibrary/Motor.c ****     PWM_WriteCompare2(speed); 
 228              		.loc 1 112 0
 229 0018 2046     		mov	r0, r4
 230 001a FFF7FEFF 		bl	PWM_WriteCompare2
ARM GAS  C:\Users\roba420\AppData\Local\Temp\ccJ5W1jL.s 			page 7


 231              	.LVL25:
 113:ZumoLibrary/Motor.c ****     CyDelay(delay);
 232              		.loc 1 113 0
 233 001e 2846     		mov	r0, r5
 234 0020 FFF7FEFF 		bl	CyDelay
 235              	.LVL26:
 236 0024 38BD     		pop	{r3, r4, r5, pc}
 237              		.cfi_endproc
 238              	.LFE68:
 239              		.size	motor_backward, .-motor_backward
 240 0026 00BF     		.text
 241              	.Letext0:
 242              		.file 2 "c:\\program files\\cypress\\psoc creator\\4.0\\psoc creator\\import\\gnu\\arm\\4.9.3\\arm
 243              		.file 3 "c:\\program files\\cypress\\psoc creator\\4.0\\psoc creator\\import\\gnu\\arm\\4.9.3\\arm
 244              		.file 4 "Generated_Source\\PSoC5/cytypes.h"
 245              		.file 5 "Generated_Source\\PSoC5/PWM.h"
 246              		.file 6 "Generated_Source\\PSoC5/MotorDirLeft.h"
 247              		.file 7 "Generated_Source\\PSoC5/MotorDirRight.h"
 248              		.file 8 "Generated_Source\\PSoC5/core_cm3.h"
 249              		.file 9 "Generated_Source\\PSoC5/CyLib.h"
 250              		.section	.debug_info,"",%progbits
 251              	.Ldebug_info0:
 252 0000 95030000 		.4byte	0x395
 253 0004 0400     		.2byte	0x4
 254 0006 00000000 		.4byte	.Ldebug_abbrev0
 255 000a 04       		.byte	0x4
 256 000b 01       		.uleb128 0x1
 257 000c D6000000 		.4byte	.LASF33
 258 0010 01       		.byte	0x1
 259 0011 BB000000 		.4byte	.LASF34
 260 0015 E9010000 		.4byte	.LASF35
 261 0019 00000000 		.4byte	.Ldebug_ranges0+0
 262 001d 00000000 		.4byte	0
 263 0021 00000000 		.4byte	.Ldebug_line0
 264 0025 02       		.uleb128 0x2
 265 0026 01       		.byte	0x1
 266 0027 06       		.byte	0x6
 267 0028 C0010000 		.4byte	.LASF0
 268 002c 02       		.uleb128 0x2
 269 002d 01       		.byte	0x1
 270 002e 08       		.byte	0x8
 271 002f 5B000000 		.4byte	.LASF1
 272 0033 02       		.uleb128 0x2
 273 0034 02       		.byte	0x2
 274 0035 05       		.byte	0x5
 275 0036 2C020000 		.4byte	.LASF2
 276 003a 02       		.uleb128 0x2
 277 003b 02       		.byte	0x2
 278 003c 07       		.byte	0x7
 279 003d 5D020000 		.4byte	.LASF3
 280 0041 03       		.uleb128 0x3
 281 0042 00000000 		.4byte	.LASF9
 282 0046 02       		.byte	0x2
 283 0047 3F       		.byte	0x3f
 284 0048 4C000000 		.4byte	0x4c
 285 004c 02       		.uleb128 0x2
 286 004d 04       		.byte	0x4
ARM GAS  C:\Users\roba420\AppData\Local\Temp\ccJ5W1jL.s 			page 8


 287 004e 05       		.byte	0x5
 288 004f 49020000 		.4byte	.LASF4
 289 0053 02       		.uleb128 0x2
 290 0054 04       		.byte	0x4
 291 0055 07       		.byte	0x7
 292 0056 69000000 		.4byte	.LASF5
 293 005a 02       		.uleb128 0x2
 294 005b 08       		.byte	0x8
 295 005c 05       		.byte	0x5
 296 005d DB010000 		.4byte	.LASF6
 297 0061 02       		.uleb128 0x2
 298 0062 08       		.byte	0x8
 299 0063 07       		.byte	0x7
 300 0064 79010000 		.4byte	.LASF7
 301 0068 04       		.uleb128 0x4
 302 0069 04       		.byte	0x4
 303 006a 05       		.byte	0x5
 304 006b 696E7400 		.ascii	"int\000"
 305 006f 02       		.uleb128 0x2
 306 0070 04       		.byte	0x4
 307 0071 07       		.byte	0x7
 308 0072 64010000 		.4byte	.LASF8
 309 0076 03       		.uleb128 0x3
 310 0077 3B000000 		.4byte	.LASF10
 311 007b 03       		.byte	0x3
 312 007c 2C       		.byte	0x2c
 313 007d 41000000 		.4byte	0x41
 314 0081 05       		.uleb128 0x5
 315 0082 35000000 		.4byte	.LASF11
 316 0086 04       		.byte	0x4
 317 0087 9201     		.2byte	0x192
 318 0089 2C000000 		.4byte	0x2c
 319 008d 05       		.uleb128 0x5
 320 008e CF000000 		.4byte	.LASF12
 321 0092 04       		.byte	0x4
 322 0093 9401     		.2byte	0x194
 323 0095 53000000 		.4byte	0x53
 324 0099 02       		.uleb128 0x2
 325 009a 04       		.byte	0x4
 326 009b 04       		.byte	0x4
 327 009c 43000000 		.4byte	.LASF13
 328 00a0 02       		.uleb128 0x2
 329 00a1 08       		.byte	0x8
 330 00a2 04       		.byte	0x4
 331 00a3 A9000000 		.4byte	.LASF14
 332 00a7 02       		.uleb128 0x2
 333 00a8 01       		.byte	0x1
 334 00a9 08       		.byte	0x8
 335 00aa 27020000 		.4byte	.LASF15
 336 00ae 02       		.uleb128 0x2
 337 00af 04       		.byte	0x4
 338 00b0 07       		.byte	0x7
 339 00b1 D2010000 		.4byte	.LASF16
 340 00b5 06       		.uleb128 0x6
 341 00b6 90010000 		.4byte	.LASF17
 342 00ba 01       		.byte	0x1
 343 00bb 0D       		.byte	0xd
ARM GAS  C:\Users\roba420\AppData\Local\Temp\ccJ5W1jL.s 			page 9


 344 00bc 00000000 		.4byte	.LFB63
 345 00c0 08000000 		.4byte	.LFE63-.LFB63
 346 00c4 01       		.uleb128 0x1
 347 00c5 9C       		.byte	0x9c
 348 00c6 D4000000 		.4byte	0xd4
 349 00ca 07       		.uleb128 0x7
 350 00cb 06000000 		.4byte	.LVL0
 351 00cf 39030000 		.4byte	0x339
 352 00d3 00       		.byte	0
 353 00d4 06       		.uleb128 0x6
 354 00d5 B0000000 		.4byte	.LASF18
 355 00d9 01       		.byte	0x1
 356 00da 17       		.byte	0x17
 357 00db 00000000 		.4byte	.LFB64
 358 00df 08000000 		.4byte	.LFE64-.LFB64
 359 00e3 01       		.uleb128 0x1
 360 00e4 9C       		.byte	0x9c
 361 00e5 F3000000 		.4byte	0xf3
 362 00e9 07       		.uleb128 0x7
 363 00ea 06000000 		.4byte	.LVL1
 364 00ee 40030000 		.4byte	0x340
 365 00f2 00       		.byte	0
 366 00f3 08       		.uleb128 0x8
 367 00f4 9B000000 		.4byte	.LASF21
 368 00f8 01       		.byte	0x1
 369 00f9 23       		.byte	0x23
 370 00fa 00000000 		.4byte	.LFB65
 371 00fe 26000000 		.4byte	.LFE65-.LFB65
 372 0102 01       		.uleb128 0x1
 373 0103 9C       		.byte	0x9c
 374 0104 85010000 		.4byte	0x185
 375 0108 09       		.uleb128 0x9
 376 0109 CC010000 		.4byte	.LASF19
 377 010d 01       		.byte	0x1
 378 010e 23       		.byte	0x23
 379 010f 81000000 		.4byte	0x81
 380 0113 00000000 		.4byte	.LLST0
 381 0117 09       		.uleb128 0x9
 382 0118 55000000 		.4byte	.LASF20
 383 011c 01       		.byte	0x1
 384 011d 23       		.byte	0x23
 385 011e 8D000000 		.4byte	0x8d
 386 0122 21000000 		.4byte	.LLST1
 387 0126 0A       		.uleb128 0xa
 388 0127 0C000000 		.4byte	.LVL4
 389 012b 47030000 		.4byte	0x347
 390 012f 39010000 		.4byte	0x139
 391 0133 0B       		.uleb128 0xb
 392 0134 01       		.uleb128 0x1
 393 0135 50       		.byte	0x50
 394 0136 01       		.uleb128 0x1
 395 0137 30       		.byte	0x30
 396 0138 00       		.byte	0
 397 0139 0A       		.uleb128 0xa
 398 013a 12000000 		.4byte	.LVL5
 399 013e 58030000 		.4byte	0x358
 400 0142 4C010000 		.4byte	0x14c
ARM GAS  C:\Users\roba420\AppData\Local\Temp\ccJ5W1jL.s 			page 10


 401 0146 0B       		.uleb128 0xb
 402 0147 01       		.uleb128 0x1
 403 0148 50       		.byte	0x50
 404 0149 01       		.uleb128 0x1
 405 014a 30       		.byte	0x30
 406 014b 00       		.byte	0
 407 014c 0A       		.uleb128 0xa
 408 014d 18000000 		.4byte	.LVL6
 409 0151 69030000 		.4byte	0x369
 410 0155 60010000 		.4byte	0x160
 411 0159 0B       		.uleb128 0xb
 412 015a 01       		.uleb128 0x1
 413 015b 50       		.byte	0x50
 414 015c 02       		.uleb128 0x2
 415 015d 74       		.byte	0x74
 416 015e 00       		.sleb128 0
 417 015f 00       		.byte	0
 418 0160 0A       		.uleb128 0xa
 419 0161 1E000000 		.4byte	.LVL7
 420 0165 7A030000 		.4byte	0x37a
 421 0169 74010000 		.4byte	0x174
 422 016d 0B       		.uleb128 0xb
 423 016e 01       		.uleb128 0x1
 424 016f 50       		.byte	0x50
 425 0170 02       		.uleb128 0x2
 426 0171 74       		.byte	0x74
 427 0172 00       		.sleb128 0
 428 0173 00       		.byte	0
 429 0174 0C       		.uleb128 0xc
 430 0175 24000000 		.4byte	.LVL8
 431 0179 8B030000 		.4byte	0x38b
 432 017d 0B       		.uleb128 0xb
 433 017e 01       		.uleb128 0x1
 434 017f 50       		.byte	0x50
 435 0180 02       		.uleb128 0x2
 436 0181 75       		.byte	0x75
 437 0182 00       		.sleb128 0
 438 0183 00       		.byte	0
 439 0184 00       		.byte	0
 440 0185 08       		.uleb128 0x8
 441 0186 52020000 		.4byte	.LASF22
 442 018a 01       		.byte	0x1
 443 018b 34       		.byte	0x34
 444 018c 00000000 		.4byte	.LFB66
 445 0190 18000000 		.4byte	.LFE66-.LFB66
 446 0194 01       		.uleb128 0x1
 447 0195 9C       		.byte	0x9c
 448 0196 F5010000 		.4byte	0x1f5
 449 019a 09       		.uleb128 0x9
 450 019b 71010000 		.4byte	.LASF23
 451 019f 01       		.byte	0x1
 452 01a0 34       		.byte	0x34
 453 01a1 81000000 		.4byte	0x81
 454 01a5 3F000000 		.4byte	.LLST2
 455 01a9 09       		.uleb128 0x9
 456 01aa 19000000 		.4byte	.LASF24
 457 01ae 01       		.byte	0x1
ARM GAS  C:\Users\roba420\AppData\Local\Temp\ccJ5W1jL.s 			page 11


 458 01af 34       		.byte	0x34
 459 01b0 81000000 		.4byte	0x81
 460 01b4 60000000 		.4byte	.LLST3
 461 01b8 09       		.uleb128 0x9
 462 01b9 55000000 		.4byte	.LASF20
 463 01bd 01       		.byte	0x1
 464 01be 34       		.byte	0x34
 465 01bf 8D000000 		.4byte	0x8d
 466 01c3 81000000 		.4byte	.LLST4
 467 01c7 07       		.uleb128 0x7
 468 01c8 0A000000 		.4byte	.LVL10
 469 01cc 69030000 		.4byte	0x369
 470 01d0 0A       		.uleb128 0xa
 471 01d1 10000000 		.4byte	.LVL11
 472 01d5 7A030000 		.4byte	0x37a
 473 01d9 E4010000 		.4byte	0x1e4
 474 01dd 0B       		.uleb128 0xb
 475 01de 01       		.uleb128 0x1
 476 01df 50       		.byte	0x50
 477 01e0 02       		.uleb128 0x2
 478 01e1 75       		.byte	0x75
 479 01e2 00       		.sleb128 0
 480 01e3 00       		.byte	0
 481 01e4 0C       		.uleb128 0xc
 482 01e5 16000000 		.4byte	.LVL12
 483 01e9 8B030000 		.4byte	0x38b
 484 01ed 0B       		.uleb128 0xb
 485 01ee 01       		.uleb128 0x1
 486 01ef 50       		.byte	0x50
 487 01f0 02       		.uleb128 0x2
 488 01f1 74       		.byte	0x74
 489 01f2 00       		.sleb128 0
 490 01f3 00       		.byte	0
 491 01f4 00       		.byte	0
 492 01f5 08       		.uleb128 0x8
 493 01f6 49000000 		.4byte	.LASF25
 494 01fa 01       		.byte	0x1
 495 01fb 3B       		.byte	0x3b
 496 01fc 00000000 		.4byte	.LFB67
 497 0200 28000000 		.4byte	.LFE67-.LFB67
 498 0204 01       		.uleb128 0x1
 499 0205 9C       		.byte	0x9c
 500 0206 96020000 		.4byte	0x296
 501 020a 09       		.uleb128 0x9
 502 020b 71010000 		.4byte	.LASF23
 503 020f 01       		.byte	0x1
 504 0210 3B       		.byte	0x3b
 505 0211 81000000 		.4byte	0x81
 506 0215 9F000000 		.4byte	.LLST5
 507 0219 09       		.uleb128 0x9
 508 021a 19000000 		.4byte	.LASF24
 509 021e 01       		.byte	0x1
 510 021f 3B       		.byte	0x3b
 511 0220 81000000 		.4byte	0x81
 512 0224 C0000000 		.4byte	.LLST6
 513 0228 09       		.uleb128 0x9
 514 0229 55000000 		.4byte	.LASF20
ARM GAS  C:\Users\roba420\AppData\Local\Temp\ccJ5W1jL.s 			page 12


 515 022d 01       		.byte	0x1
 516 022e 3B       		.byte	0x3b
 517 022f 8D000000 		.4byte	0x8d
 518 0233 E1000000 		.4byte	.LLST7
 519 0237 0A       		.uleb128 0xa
 520 0238 0E000000 		.4byte	.LVL15
 521 023c 47030000 		.4byte	0x347
 522 0240 4A020000 		.4byte	0x24a
 523 0244 0B       		.uleb128 0xb
 524 0245 01       		.uleb128 0x1
 525 0246 50       		.byte	0x50
 526 0247 01       		.uleb128 0x1
 527 0248 30       		.byte	0x30
 528 0249 00       		.byte	0
 529 024a 0A       		.uleb128 0xa
 530 024b 14000000 		.4byte	.LVL16
 531 024f 58030000 		.4byte	0x358
 532 0253 5D020000 		.4byte	0x25d
 533 0257 0B       		.uleb128 0xb
 534 0258 01       		.uleb128 0x1
 535 0259 50       		.byte	0x50
 536 025a 01       		.uleb128 0x1
 537 025b 30       		.byte	0x30
 538 025c 00       		.byte	0
 539 025d 0A       		.uleb128 0xa
 540 025e 1A000000 		.4byte	.LVL17
 541 0262 69030000 		.4byte	0x369
 542 0266 71020000 		.4byte	0x271
 543 026a 0B       		.uleb128 0xb
 544 026b 01       		.uleb128 0x1
 545 026c 50       		.byte	0x50
 546 026d 02       		.uleb128 0x2
 547 026e 76       		.byte	0x76
 548 026f 00       		.sleb128 0
 549 0270 00       		.byte	0
 550 0271 0A       		.uleb128 0xa
 551 0272 20000000 		.4byte	.LVL18
 552 0276 7A030000 		.4byte	0x37a
 553 027a 85020000 		.4byte	0x285
 554 027e 0B       		.uleb128 0xb
 555 027f 01       		.uleb128 0x1
 556 0280 50       		.byte	0x50
 557 0281 02       		.uleb128 0x2
 558 0282 75       		.byte	0x75
 559 0283 00       		.sleb128 0
 560 0284 00       		.byte	0
 561 0285 0C       		.uleb128 0xc
 562 0286 26000000 		.4byte	.LVL19
 563 028a 8B030000 		.4byte	0x38b
 564 028e 0B       		.uleb128 0xb
 565 028f 01       		.uleb128 0x1
 566 0290 50       		.byte	0x50
 567 0291 02       		.uleb128 0x2
 568 0292 74       		.byte	0x74
 569 0293 00       		.sleb128 0
 570 0294 00       		.byte	0
 571 0295 00       		.byte	0
ARM GAS  C:\Users\roba420\AppData\Local\Temp\ccJ5W1jL.s 			page 13


 572 0296 08       		.uleb128 0x8
 573 0297 0A000000 		.4byte	.LASF26
 574 029b 01       		.byte	0x1
 575 029c 6B       		.byte	0x6b
 576 029d 00000000 		.4byte	.LFB68
 577 02a1 26000000 		.4byte	.LFE68-.LFB68
 578 02a5 01       		.uleb128 0x1
 579 02a6 9C       		.byte	0x9c
 580 02a7 28030000 		.4byte	0x328
 581 02ab 09       		.uleb128 0x9
 582 02ac CC010000 		.4byte	.LASF19
 583 02b0 01       		.byte	0x1
 584 02b1 6B       		.byte	0x6b
 585 02b2 81000000 		.4byte	0x81
 586 02b6 FF000000 		.4byte	.LLST8
 587 02ba 09       		.uleb128 0x9
 588 02bb 55000000 		.4byte	.LASF20
 589 02bf 01       		.byte	0x1
 590 02c0 6B       		.byte	0x6b
 591 02c1 8D000000 		.4byte	0x8d
 592 02c5 20010000 		.4byte	.LLST9
 593 02c9 0A       		.uleb128 0xa
 594 02ca 0C000000 		.4byte	.LVL22
 595 02ce 47030000 		.4byte	0x347
 596 02d2 DC020000 		.4byte	0x2dc
 597 02d6 0B       		.uleb128 0xb
 598 02d7 01       		.uleb128 0x1
 599 02d8 50       		.byte	0x50
 600 02d9 01       		.uleb128 0x1
 601 02da 31       		.byte	0x31
 602 02db 00       		.byte	0
 603 02dc 0A       		.uleb128 0xa
 604 02dd 12000000 		.4byte	.LVL23
 605 02e1 58030000 		.4byte	0x358
 606 02e5 EF020000 		.4byte	0x2ef
 607 02e9 0B       		.uleb128 0xb
 608 02ea 01       		.uleb128 0x1
 609 02eb 50       		.byte	0x50
 610 02ec 01       		.uleb128 0x1
 611 02ed 31       		.byte	0x31
 612 02ee 00       		.byte	0
 613 02ef 0A       		.uleb128 0xa
 614 02f0 18000000 		.4byte	.LVL24
 615 02f4 69030000 		.4byte	0x369
 616 02f8 03030000 		.4byte	0x303
 617 02fc 0B       		.uleb128 0xb
 618 02fd 01       		.uleb128 0x1
 619 02fe 50       		.byte	0x50
 620 02ff 02       		.uleb128 0x2
 621 0300 74       		.byte	0x74
 622 0301 00       		.sleb128 0
 623 0302 00       		.byte	0
 624 0303 0A       		.uleb128 0xa
 625 0304 1E000000 		.4byte	.LVL25
 626 0308 7A030000 		.4byte	0x37a
 627 030c 17030000 		.4byte	0x317
 628 0310 0B       		.uleb128 0xb
ARM GAS  C:\Users\roba420\AppData\Local\Temp\ccJ5W1jL.s 			page 14


 629 0311 01       		.uleb128 0x1
 630 0312 50       		.byte	0x50
 631 0313 02       		.uleb128 0x2
 632 0314 74       		.byte	0x74
 633 0315 00       		.sleb128 0
 634 0316 00       		.byte	0
 635 0317 0C       		.uleb128 0xc
 636 0318 24000000 		.4byte	.LVL26
 637 031c 8B030000 		.4byte	0x38b
 638 0320 0B       		.uleb128 0xb
 639 0321 01       		.uleb128 0x1
 640 0322 50       		.byte	0x50
 641 0323 02       		.uleb128 0x2
 642 0324 75       		.byte	0x75
 643 0325 00       		.sleb128 0
 644 0326 00       		.byte	0
 645 0327 00       		.byte	0
 646 0328 0D       		.uleb128 0xd
 647 0329 8E000000 		.4byte	.LASF36
 648 032d 08       		.byte	0x8
 649 032e 9606     		.2byte	0x696
 650 0330 34030000 		.4byte	0x334
 651 0334 0E       		.uleb128 0xe
 652 0335 76000000 		.4byte	0x76
 653 0339 0F       		.uleb128 0xf
 654 033a 36020000 		.4byte	.LASF27
 655 033e 05       		.byte	0x5
 656 033f 92       		.byte	0x92
 657 0340 0F       		.uleb128 0xf
 658 0341 40020000 		.4byte	.LASF28
 659 0345 05       		.byte	0x5
 660 0346 93       		.byte	0x93
 661 0347 10       		.uleb128 0x10
 662 0348 7B000000 		.4byte	.LASF29
 663 034c 06       		.byte	0x6
 664 034d 26       		.byte	0x26
 665 034e 58030000 		.4byte	0x358
 666 0352 11       		.uleb128 0x11
 667 0353 81000000 		.4byte	0x81
 668 0357 00       		.byte	0
 669 0358 10       		.uleb128 0x10
 670 0359 21000000 		.4byte	.LASF30
 671 035d 07       		.byte	0x7
 672 035e 26       		.byte	0x26
 673 035f 69030000 		.4byte	0x369
 674 0363 11       		.uleb128 0x11
 675 0364 81000000 		.4byte	0x81
 676 0368 00       		.byte	0
 677 0369 10       		.uleb128 0x10
 678 036a 9C010000 		.4byte	.LASF31
 679 036e 05       		.byte	0x5
 680 036f C7       		.byte	0xc7
 681 0370 7A030000 		.4byte	0x37a
 682 0374 11       		.uleb128 0x11
 683 0375 81000000 		.4byte	0x81
 684 0379 00       		.byte	0
 685 037a 10       		.uleb128 0x10
ARM GAS  C:\Users\roba420\AppData\Local\Temp\ccJ5W1jL.s 			page 15


 686 037b AE010000 		.4byte	.LASF32
 687 037f 05       		.byte	0x5
 688 0380 CA       		.byte	0xca
 689 0381 8B030000 		.4byte	0x38b
 690 0385 11       		.uleb128 0x11
 691 0386 81000000 		.4byte	0x81
 692 038a 00       		.byte	0
 693 038b 12       		.uleb128 0x12
 694 038c 70020000 		.4byte	.LASF37
 695 0390 09       		.byte	0x9
 696 0391 76       		.byte	0x76
 697 0392 11       		.uleb128 0x11
 698 0393 8D000000 		.4byte	0x8d
 699 0397 00       		.byte	0
 700 0398 00       		.byte	0
 701              		.section	.debug_abbrev,"",%progbits
 702              	.Ldebug_abbrev0:
 703 0000 01       		.uleb128 0x1
 704 0001 11       		.uleb128 0x11
 705 0002 01       		.byte	0x1
 706 0003 25       		.uleb128 0x25
 707 0004 0E       		.uleb128 0xe
 708 0005 13       		.uleb128 0x13
 709 0006 0B       		.uleb128 0xb
 710 0007 03       		.uleb128 0x3
 711 0008 0E       		.uleb128 0xe
 712 0009 1B       		.uleb128 0x1b
 713 000a 0E       		.uleb128 0xe
 714 000b 55       		.uleb128 0x55
 715 000c 17       		.uleb128 0x17
 716 000d 11       		.uleb128 0x11
 717 000e 01       		.uleb128 0x1
 718 000f 10       		.uleb128 0x10
 719 0010 17       		.uleb128 0x17
 720 0011 00       		.byte	0
 721 0012 00       		.byte	0
 722 0013 02       		.uleb128 0x2
 723 0014 24       		.uleb128 0x24
 724 0015 00       		.byte	0
 725 0016 0B       		.uleb128 0xb
 726 0017 0B       		.uleb128 0xb
 727 0018 3E       		.uleb128 0x3e
 728 0019 0B       		.uleb128 0xb
 729 001a 03       		.uleb128 0x3
 730 001b 0E       		.uleb128 0xe
 731 001c 00       		.byte	0
 732 001d 00       		.byte	0
 733 001e 03       		.uleb128 0x3
 734 001f 16       		.uleb128 0x16
 735 0020 00       		.byte	0
 736 0021 03       		.uleb128 0x3
 737 0022 0E       		.uleb128 0xe
 738 0023 3A       		.uleb128 0x3a
 739 0024 0B       		.uleb128 0xb
 740 0025 3B       		.uleb128 0x3b
 741 0026 0B       		.uleb128 0xb
 742 0027 49       		.uleb128 0x49
ARM GAS  C:\Users\roba420\AppData\Local\Temp\ccJ5W1jL.s 			page 16


 743 0028 13       		.uleb128 0x13
 744 0029 00       		.byte	0
 745 002a 00       		.byte	0
 746 002b 04       		.uleb128 0x4
 747 002c 24       		.uleb128 0x24
 748 002d 00       		.byte	0
 749 002e 0B       		.uleb128 0xb
 750 002f 0B       		.uleb128 0xb
 751 0030 3E       		.uleb128 0x3e
 752 0031 0B       		.uleb128 0xb
 753 0032 03       		.uleb128 0x3
 754 0033 08       		.uleb128 0x8
 755 0034 00       		.byte	0
 756 0035 00       		.byte	0
 757 0036 05       		.uleb128 0x5
 758 0037 16       		.uleb128 0x16
 759 0038 00       		.byte	0
 760 0039 03       		.uleb128 0x3
 761 003a 0E       		.uleb128 0xe
 762 003b 3A       		.uleb128 0x3a
 763 003c 0B       		.uleb128 0xb
 764 003d 3B       		.uleb128 0x3b
 765 003e 05       		.uleb128 0x5
 766 003f 49       		.uleb128 0x49
 767 0040 13       		.uleb128 0x13
 768 0041 00       		.byte	0
 769 0042 00       		.byte	0
 770 0043 06       		.uleb128 0x6
 771 0044 2E       		.uleb128 0x2e
 772 0045 01       		.byte	0x1
 773 0046 3F       		.uleb128 0x3f
 774 0047 19       		.uleb128 0x19
 775 0048 03       		.uleb128 0x3
 776 0049 0E       		.uleb128 0xe
 777 004a 3A       		.uleb128 0x3a
 778 004b 0B       		.uleb128 0xb
 779 004c 3B       		.uleb128 0x3b
 780 004d 0B       		.uleb128 0xb
 781 004e 11       		.uleb128 0x11
 782 004f 01       		.uleb128 0x1
 783 0050 12       		.uleb128 0x12
 784 0051 06       		.uleb128 0x6
 785 0052 40       		.uleb128 0x40
 786 0053 18       		.uleb128 0x18
 787 0054 9742     		.uleb128 0x2117
 788 0056 19       		.uleb128 0x19
 789 0057 01       		.uleb128 0x1
 790 0058 13       		.uleb128 0x13
 791 0059 00       		.byte	0
 792 005a 00       		.byte	0
 793 005b 07       		.uleb128 0x7
 794 005c 898201   		.uleb128 0x4109
 795 005f 00       		.byte	0
 796 0060 11       		.uleb128 0x11
 797 0061 01       		.uleb128 0x1
 798 0062 31       		.uleb128 0x31
 799 0063 13       		.uleb128 0x13
ARM GAS  C:\Users\roba420\AppData\Local\Temp\ccJ5W1jL.s 			page 17


 800 0064 00       		.byte	0
 801 0065 00       		.byte	0
 802 0066 08       		.uleb128 0x8
 803 0067 2E       		.uleb128 0x2e
 804 0068 01       		.byte	0x1
 805 0069 3F       		.uleb128 0x3f
 806 006a 19       		.uleb128 0x19
 807 006b 03       		.uleb128 0x3
 808 006c 0E       		.uleb128 0xe
 809 006d 3A       		.uleb128 0x3a
 810 006e 0B       		.uleb128 0xb
 811 006f 3B       		.uleb128 0x3b
 812 0070 0B       		.uleb128 0xb
 813 0071 27       		.uleb128 0x27
 814 0072 19       		.uleb128 0x19
 815 0073 11       		.uleb128 0x11
 816 0074 01       		.uleb128 0x1
 817 0075 12       		.uleb128 0x12
 818 0076 06       		.uleb128 0x6
 819 0077 40       		.uleb128 0x40
 820 0078 18       		.uleb128 0x18
 821 0079 9742     		.uleb128 0x2117
 822 007b 19       		.uleb128 0x19
 823 007c 01       		.uleb128 0x1
 824 007d 13       		.uleb128 0x13
 825 007e 00       		.byte	0
 826 007f 00       		.byte	0
 827 0080 09       		.uleb128 0x9
 828 0081 05       		.uleb128 0x5
 829 0082 00       		.byte	0
 830 0083 03       		.uleb128 0x3
 831 0084 0E       		.uleb128 0xe
 832 0085 3A       		.uleb128 0x3a
 833 0086 0B       		.uleb128 0xb
 834 0087 3B       		.uleb128 0x3b
 835 0088 0B       		.uleb128 0xb
 836 0089 49       		.uleb128 0x49
 837 008a 13       		.uleb128 0x13
 838 008b 02       		.uleb128 0x2
 839 008c 17       		.uleb128 0x17
 840 008d 00       		.byte	0
 841 008e 00       		.byte	0
 842 008f 0A       		.uleb128 0xa
 843 0090 898201   		.uleb128 0x4109
 844 0093 01       		.byte	0x1
 845 0094 11       		.uleb128 0x11
 846 0095 01       		.uleb128 0x1
 847 0096 31       		.uleb128 0x31
 848 0097 13       		.uleb128 0x13
 849 0098 01       		.uleb128 0x1
 850 0099 13       		.uleb128 0x13
 851 009a 00       		.byte	0
 852 009b 00       		.byte	0
 853 009c 0B       		.uleb128 0xb
 854 009d 8A8201   		.uleb128 0x410a
 855 00a0 00       		.byte	0
 856 00a1 02       		.uleb128 0x2
ARM GAS  C:\Users\roba420\AppData\Local\Temp\ccJ5W1jL.s 			page 18


 857 00a2 18       		.uleb128 0x18
 858 00a3 9142     		.uleb128 0x2111
 859 00a5 18       		.uleb128 0x18
 860 00a6 00       		.byte	0
 861 00a7 00       		.byte	0
 862 00a8 0C       		.uleb128 0xc
 863 00a9 898201   		.uleb128 0x4109
 864 00ac 01       		.byte	0x1
 865 00ad 11       		.uleb128 0x11
 866 00ae 01       		.uleb128 0x1
 867 00af 31       		.uleb128 0x31
 868 00b0 13       		.uleb128 0x13
 869 00b1 00       		.byte	0
 870 00b2 00       		.byte	0
 871 00b3 0D       		.uleb128 0xd
 872 00b4 34       		.uleb128 0x34
 873 00b5 00       		.byte	0
 874 00b6 03       		.uleb128 0x3
 875 00b7 0E       		.uleb128 0xe
 876 00b8 3A       		.uleb128 0x3a
 877 00b9 0B       		.uleb128 0xb
 878 00ba 3B       		.uleb128 0x3b
 879 00bb 05       		.uleb128 0x5
 880 00bc 49       		.uleb128 0x49
 881 00bd 13       		.uleb128 0x13
 882 00be 3F       		.uleb128 0x3f
 883 00bf 19       		.uleb128 0x19
 884 00c0 3C       		.uleb128 0x3c
 885 00c1 19       		.uleb128 0x19
 886 00c2 00       		.byte	0
 887 00c3 00       		.byte	0
 888 00c4 0E       		.uleb128 0xe
 889 00c5 35       		.uleb128 0x35
 890 00c6 00       		.byte	0
 891 00c7 49       		.uleb128 0x49
 892 00c8 13       		.uleb128 0x13
 893 00c9 00       		.byte	0
 894 00ca 00       		.byte	0
 895 00cb 0F       		.uleb128 0xf
 896 00cc 2E       		.uleb128 0x2e
 897 00cd 00       		.byte	0
 898 00ce 3F       		.uleb128 0x3f
 899 00cf 19       		.uleb128 0x19
 900 00d0 03       		.uleb128 0x3
 901 00d1 0E       		.uleb128 0xe
 902 00d2 3A       		.uleb128 0x3a
 903 00d3 0B       		.uleb128 0xb
 904 00d4 3B       		.uleb128 0x3b
 905 00d5 0B       		.uleb128 0xb
 906 00d6 27       		.uleb128 0x27
 907 00d7 19       		.uleb128 0x19
 908 00d8 3C       		.uleb128 0x3c
 909 00d9 19       		.uleb128 0x19
 910 00da 00       		.byte	0
 911 00db 00       		.byte	0
 912 00dc 10       		.uleb128 0x10
 913 00dd 2E       		.uleb128 0x2e
ARM GAS  C:\Users\roba420\AppData\Local\Temp\ccJ5W1jL.s 			page 19


 914 00de 01       		.byte	0x1
 915 00df 3F       		.uleb128 0x3f
 916 00e0 19       		.uleb128 0x19
 917 00e1 03       		.uleb128 0x3
 918 00e2 0E       		.uleb128 0xe
 919 00e3 3A       		.uleb128 0x3a
 920 00e4 0B       		.uleb128 0xb
 921 00e5 3B       		.uleb128 0x3b
 922 00e6 0B       		.uleb128 0xb
 923 00e7 27       		.uleb128 0x27
 924 00e8 19       		.uleb128 0x19
 925 00e9 3C       		.uleb128 0x3c
 926 00ea 19       		.uleb128 0x19
 927 00eb 01       		.uleb128 0x1
 928 00ec 13       		.uleb128 0x13
 929 00ed 00       		.byte	0
 930 00ee 00       		.byte	0
 931 00ef 11       		.uleb128 0x11
 932 00f0 05       		.uleb128 0x5
 933 00f1 00       		.byte	0
 934 00f2 49       		.uleb128 0x49
 935 00f3 13       		.uleb128 0x13
 936 00f4 00       		.byte	0
 937 00f5 00       		.byte	0
 938 00f6 12       		.uleb128 0x12
 939 00f7 2E       		.uleb128 0x2e
 940 00f8 01       		.byte	0x1
 941 00f9 3F       		.uleb128 0x3f
 942 00fa 19       		.uleb128 0x19
 943 00fb 03       		.uleb128 0x3
 944 00fc 0E       		.uleb128 0xe
 945 00fd 3A       		.uleb128 0x3a
 946 00fe 0B       		.uleb128 0xb
 947 00ff 3B       		.uleb128 0x3b
 948 0100 0B       		.uleb128 0xb
 949 0101 27       		.uleb128 0x27
 950 0102 19       		.uleb128 0x19
 951 0103 3C       		.uleb128 0x3c
 952 0104 19       		.uleb128 0x19
 953 0105 00       		.byte	0
 954 0106 00       		.byte	0
 955 0107 00       		.byte	0
 956              		.section	.debug_loc,"",%progbits
 957              	.Ldebug_loc0:
 958              	.LLST0:
 959 0000 00000000 		.4byte	.LVL2
 960 0004 08000000 		.4byte	.LVL3
 961 0008 0100     		.2byte	0x1
 962 000a 50       		.byte	0x50
 963 000b 08000000 		.4byte	.LVL3
 964 000f 26000000 		.4byte	.LFE65
 965 0013 0400     		.2byte	0x4
 966 0015 F3       		.byte	0xf3
 967 0016 01       		.uleb128 0x1
 968 0017 50       		.byte	0x50
 969 0018 9F       		.byte	0x9f
 970 0019 00000000 		.4byte	0
ARM GAS  C:\Users\roba420\AppData\Local\Temp\ccJ5W1jL.s 			page 20


 971 001d 00000000 		.4byte	0
 972              	.LLST1:
 973 0021 00000000 		.4byte	.LVL2
 974 0025 0B000000 		.4byte	.LVL4-1
 975 0029 0100     		.2byte	0x1
 976 002b 51       		.byte	0x51
 977 002c 0B000000 		.4byte	.LVL4-1
 978 0030 26000000 		.4byte	.LFE65
 979 0034 0100     		.2byte	0x1
 980 0036 55       		.byte	0x55
 981 0037 00000000 		.4byte	0
 982 003b 00000000 		.4byte	0
 983              	.LLST2:
 984 003f 00000000 		.4byte	.LVL9
 985 0043 09000000 		.4byte	.LVL10-1
 986 0047 0100     		.2byte	0x1
 987 0049 50       		.byte	0x50
 988 004a 09000000 		.4byte	.LVL10-1
 989 004e 18000000 		.4byte	.LFE66
 990 0052 0400     		.2byte	0x4
 991 0054 F3       		.byte	0xf3
 992 0055 01       		.uleb128 0x1
 993 0056 50       		.byte	0x50
 994 0057 9F       		.byte	0x9f
 995 0058 00000000 		.4byte	0
 996 005c 00000000 		.4byte	0
 997              	.LLST3:
 998 0060 00000000 		.4byte	.LVL9
 999 0064 09000000 		.4byte	.LVL10-1
 1000 0068 0100     		.2byte	0x1
 1001 006a 51       		.byte	0x51
 1002 006b 09000000 		.4byte	.LVL10-1
 1003 006f 18000000 		.4byte	.LFE66
 1004 0073 0400     		.2byte	0x4
 1005 0075 F3       		.byte	0xf3
 1006 0076 01       		.uleb128 0x1
 1007 0077 51       		.byte	0x51
 1008 0078 9F       		.byte	0x9f
 1009 0079 00000000 		.4byte	0
 1010 007d 00000000 		.4byte	0
 1011              	.LLST4:
 1012 0081 00000000 		.4byte	.LVL9
 1013 0085 09000000 		.4byte	.LVL10-1
 1014 0089 0100     		.2byte	0x1
 1015 008b 52       		.byte	0x52
 1016 008c 09000000 		.4byte	.LVL10-1
 1017 0090 18000000 		.4byte	.LFE66
 1018 0094 0100     		.2byte	0x1
 1019 0096 54       		.byte	0x54
 1020 0097 00000000 		.4byte	0
 1021 009b 00000000 		.4byte	0
 1022              	.LLST5:
 1023 009f 00000000 		.4byte	.LVL13
 1024 00a3 0A000000 		.4byte	.LVL14
 1025 00a7 0100     		.2byte	0x1
 1026 00a9 50       		.byte	0x50
 1027 00aa 0A000000 		.4byte	.LVL14
ARM GAS  C:\Users\roba420\AppData\Local\Temp\ccJ5W1jL.s 			page 21


 1028 00ae 28000000 		.4byte	.LFE67
 1029 00b2 0400     		.2byte	0x4
 1030 00b4 F3       		.byte	0xf3
 1031 00b5 01       		.uleb128 0x1
 1032 00b6 50       		.byte	0x50
 1033 00b7 9F       		.byte	0x9f
 1034 00b8 00000000 		.4byte	0
 1035 00bc 00000000 		.4byte	0
 1036              	.LLST6:
 1037 00c0 00000000 		.4byte	.LVL13
 1038 00c4 0D000000 		.4byte	.LVL15-1
 1039 00c8 0100     		.2byte	0x1
 1040 00ca 51       		.byte	0x51
 1041 00cb 0D000000 		.4byte	.LVL15-1
 1042 00cf 28000000 		.4byte	.LFE67
 1043 00d3 0400     		.2byte	0x4
 1044 00d5 F3       		.byte	0xf3
 1045 00d6 01       		.uleb128 0x1
 1046 00d7 51       		.byte	0x51
 1047 00d8 9F       		.byte	0x9f
 1048 00d9 00000000 		.4byte	0
 1049 00dd 00000000 		.4byte	0
 1050              	.LLST7:
 1051 00e1 00000000 		.4byte	.LVL13
 1052 00e5 0D000000 		.4byte	.LVL15-1
 1053 00e9 0100     		.2byte	0x1
 1054 00eb 52       		.byte	0x52
 1055 00ec 0D000000 		.4byte	.LVL15-1
 1056 00f0 28000000 		.4byte	.LFE67
 1057 00f4 0100     		.2byte	0x1
 1058 00f6 54       		.byte	0x54
 1059 00f7 00000000 		.4byte	0
 1060 00fb 00000000 		.4byte	0
 1061              	.LLST8:
 1062 00ff 00000000 		.4byte	.LVL20
 1063 0103 08000000 		.4byte	.LVL21
 1064 0107 0100     		.2byte	0x1
 1065 0109 50       		.byte	0x50
 1066 010a 08000000 		.4byte	.LVL21
 1067 010e 26000000 		.4byte	.LFE68
 1068 0112 0400     		.2byte	0x4
 1069 0114 F3       		.byte	0xf3
 1070 0115 01       		.uleb128 0x1
 1071 0116 50       		.byte	0x50
 1072 0117 9F       		.byte	0x9f
 1073 0118 00000000 		.4byte	0
 1074 011c 00000000 		.4byte	0
 1075              	.LLST9:
 1076 0120 00000000 		.4byte	.LVL20
 1077 0124 0B000000 		.4byte	.LVL22-1
 1078 0128 0100     		.2byte	0x1
 1079 012a 51       		.byte	0x51
 1080 012b 0B000000 		.4byte	.LVL22-1
 1081 012f 26000000 		.4byte	.LFE68
 1082 0133 0100     		.2byte	0x1
 1083 0135 55       		.byte	0x55
 1084 0136 00000000 		.4byte	0
ARM GAS  C:\Users\roba420\AppData\Local\Temp\ccJ5W1jL.s 			page 22


 1085 013a 00000000 		.4byte	0
 1086              		.section	.debug_aranges,"",%progbits
 1087 0000 44000000 		.4byte	0x44
 1088 0004 0200     		.2byte	0x2
 1089 0006 00000000 		.4byte	.Ldebug_info0
 1090 000a 04       		.byte	0x4
 1091 000b 00       		.byte	0
 1092 000c 0000     		.2byte	0
 1093 000e 0000     		.2byte	0
 1094 0010 00000000 		.4byte	.LFB63
 1095 0014 08000000 		.4byte	.LFE63-.LFB63
 1096 0018 00000000 		.4byte	.LFB64
 1097 001c 08000000 		.4byte	.LFE64-.LFB64
 1098 0020 00000000 		.4byte	.LFB65
 1099 0024 26000000 		.4byte	.LFE65-.LFB65
 1100 0028 00000000 		.4byte	.LFB66
 1101 002c 18000000 		.4byte	.LFE66-.LFB66
 1102 0030 00000000 		.4byte	.LFB67
 1103 0034 28000000 		.4byte	.LFE67-.LFB67
 1104 0038 00000000 		.4byte	.LFB68
 1105 003c 26000000 		.4byte	.LFE68-.LFB68
 1106 0040 00000000 		.4byte	0
 1107 0044 00000000 		.4byte	0
 1108              		.section	.debug_ranges,"",%progbits
 1109              	.Ldebug_ranges0:
 1110 0000 00000000 		.4byte	.LFB63
 1111 0004 08000000 		.4byte	.LFE63
 1112 0008 00000000 		.4byte	.LFB64
 1113 000c 08000000 		.4byte	.LFE64
 1114 0010 00000000 		.4byte	.LFB65
 1115 0014 26000000 		.4byte	.LFE65
 1116 0018 00000000 		.4byte	.LFB66
 1117 001c 18000000 		.4byte	.LFE66
 1118 0020 00000000 		.4byte	.LFB67
 1119 0024 28000000 		.4byte	.LFE67
 1120 0028 00000000 		.4byte	.LFB68
 1121 002c 26000000 		.4byte	.LFE68
 1122 0030 00000000 		.4byte	0
 1123 0034 00000000 		.4byte	0
 1124              		.section	.debug_line,"",%progbits
 1125              	.Ldebug_line0:
 1126 0000 F6010000 		.section	.debug_str,"MS",%progbits,1
 1126      02008101 
 1126      00000201 
 1126      FB0E0D00 
 1126      01010101 
 1127              	.LASF9:
 1128 0000 5F5F696E 		.ascii	"__int32_t\000"
 1128      7433325F 
 1128      7400
 1129              	.LASF26:
 1130 000a 6D6F746F 		.ascii	"motor_backward\000"
 1130      725F6261 
 1130      636B7761 
 1130      726400
 1131              	.LASF24:
 1132 0019 725F7370 		.ascii	"r_speed\000"
ARM GAS  C:\Users\roba420\AppData\Local\Temp\ccJ5W1jL.s 			page 23


 1132      65656400 
 1133              	.LASF30:
 1134 0021 4D6F746F 		.ascii	"MotorDirRight_Write\000"
 1134      72446972 
 1134      52696768 
 1134      745F5772 
 1134      69746500 
 1135              	.LASF11:
 1136 0035 75696E74 		.ascii	"uint8\000"
 1136      3800
 1137              	.LASF10:
 1138 003b 696E7433 		.ascii	"int32_t\000"
 1138      325F7400 
 1139              	.LASF13:
 1140 0043 666C6F61 		.ascii	"float\000"
 1140      7400
 1141              	.LASF25:
 1142 0049 6D6F746F 		.ascii	"motor_drive\000"
 1142      725F6472 
 1142      69766500 
 1143              	.LASF20:
 1144 0055 64656C61 		.ascii	"delay\000"
 1144      7900
 1145              	.LASF1:
 1146 005b 756E7369 		.ascii	"unsigned char\000"
 1146      676E6564 
 1146      20636861 
 1146      7200
 1147              	.LASF5:
 1148 0069 6C6F6E67 		.ascii	"long unsigned int\000"
 1148      20756E73 
 1148      69676E65 
 1148      6420696E 
 1148      7400
 1149              	.LASF29:
 1150 007b 4D6F746F 		.ascii	"MotorDirLeft_Write\000"
 1150      72446972 
 1150      4C656674 
 1150      5F577269 
 1150      746500
 1151              	.LASF36:
 1152 008e 49544D5F 		.ascii	"ITM_RxBuffer\000"
 1152      52784275 
 1152      66666572 
 1152      00
 1153              	.LASF21:
 1154 009b 6D6F746F 		.ascii	"motor_forward\000"
 1154      725F666F 
 1154      72776172 
 1154      6400
 1155              	.LASF14:
 1156 00a9 646F7562 		.ascii	"double\000"
 1156      6C6500
 1157              	.LASF18:
 1158 00b0 6D6F746F 		.ascii	"motor_stop\000"
 1158      725F7374 
 1158      6F7000
ARM GAS  C:\Users\roba420\AppData\Local\Temp\ccJ5W1jL.s 			page 24


 1159              	.LASF34:
 1160 00bb 5A756D6F 		.ascii	"ZumoLibrary\\Motor.c\000"
 1160      4C696272 
 1160      6172795C 
 1160      4D6F746F 
 1160      722E6300 
 1161              	.LASF12:
 1162 00cf 75696E74 		.ascii	"uint32\000"
 1162      333200
 1163              	.LASF33:
 1164 00d6 474E5520 		.ascii	"GNU C 4.9.3 20150303 (release) [ARM/embedded-4_9-br"
 1164      4320342E 
 1164      392E3320 
 1164      32303135 
 1164      30333033 
 1165 0109 616E6368 		.ascii	"anch revision 221220] -mcpu=cortex-m3 -mthumb -g -O"
 1165      20726576 
 1165      6973696F 
 1165      6E203232 
 1165      31323230 
 1166 013c 67202D66 		.ascii	"g -ffunction-sections -ffat-lto-objects\000"
 1166      66756E63 
 1166      74696F6E 
 1166      2D736563 
 1166      74696F6E 
 1167              	.LASF8:
 1168 0164 756E7369 		.ascii	"unsigned int\000"
 1168      676E6564 
 1168      20696E74 
 1168      00
 1169              	.LASF23:
 1170 0171 6C5F7370 		.ascii	"l_speed\000"
 1170      65656400 
 1171              	.LASF7:
 1172 0179 6C6F6E67 		.ascii	"long long unsigned int\000"
 1172      206C6F6E 
 1172      6720756E 
 1172      7369676E 
 1172      65642069 
 1173              	.LASF17:
 1174 0190 6D6F746F 		.ascii	"motor_start\000"
 1174      725F7374 
 1174      61727400 
 1175              	.LASF31:
 1176 019c 50574D5F 		.ascii	"PWM_WriteCompare1\000"
 1176      57726974 
 1176      65436F6D 
 1176      70617265 
 1176      3100
 1177              	.LASF32:
 1178 01ae 50574D5F 		.ascii	"PWM_WriteCompare2\000"
 1178      57726974 
 1178      65436F6D 
 1178      70617265 
 1178      3200
 1179              	.LASF0:
 1180 01c0 7369676E 		.ascii	"signed char\000"
ARM GAS  C:\Users\roba420\AppData\Local\Temp\ccJ5W1jL.s 			page 25


 1180      65642063 
 1180      68617200 
 1181              	.LASF19:
 1182 01cc 73706565 		.ascii	"speed\000"
 1182      6400
 1183              	.LASF16:
 1184 01d2 73697A65 		.ascii	"sizetype\000"
 1184      74797065 
 1184      00
 1185              	.LASF6:
 1186 01db 6C6F6E67 		.ascii	"long long int\000"
 1186      206C6F6E 
 1186      6720696E 
 1186      7400
 1187              	.LASF35:
 1188 01e9 433A5C55 		.ascii	"C:\\Users\\roba420\\Documents\\PSoC Creator\\robott"
 1188      73657273 
 1188      5C726F62 
 1188      61343230 
 1188      5C446F63 
 1189 0217 695C5A75 		.ascii	"i\\ZumoBot.cydsn\000"
 1189      6D6F426F 
 1189      742E6379 
 1189      64736E00 
 1190              	.LASF15:
 1191 0227 63686172 		.ascii	"char\000"
 1191      00
 1192              	.LASF2:
 1193 022c 73686F72 		.ascii	"short int\000"
 1193      7420696E 
 1193      7400
 1194              	.LASF27:
 1195 0236 50574D5F 		.ascii	"PWM_Start\000"
 1195      53746172 
 1195      7400
 1196              	.LASF28:
 1197 0240 50574D5F 		.ascii	"PWM_Stop\000"
 1197      53746F70 
 1197      00
 1198              	.LASF4:
 1199 0249 6C6F6E67 		.ascii	"long int\000"
 1199      20696E74 
 1199      00
 1200              	.LASF22:
 1201 0252 6D6F746F 		.ascii	"motor_turn\000"
 1201      725F7475 
 1201      726E00
 1202              	.LASF3:
 1203 025d 73686F72 		.ascii	"short unsigned int\000"
 1203      7420756E 
 1203      7369676E 
 1203      65642069 
 1203      6E7400
 1204              	.LASF37:
 1205 0270 43794465 		.ascii	"CyDelay\000"
 1205      6C617900 
 1206              		.ident	"GCC: (GNU Tools for ARM Embedded Processors) 4.9.3 20150303 (release) [ARM/embedded-4_9-br
ARM GAS  C:\Users\roba420\AppData\Local\Temp\ccJ5W1jL.s 			page 26


